0 info it worked if it ends with ok
1 verbose cli [ '/usr/local/bin/node', '/usr/local/bin/npm', 'install' ]
2 info using npm@1.4.14
3 info using node@v0.10.29
4 warn package.json schroeder@0.0.0 No repository field.
5 warn package.json schroeder@0.0.0 No README data
6 verbose readDependencies using package.json deps
7 verbose install where, deps [ '/Users/AgtLucas/Sites/bsi/schroeder-arduino',
7 verbose install   [ 'express',
7 verbose install     'body-parser',
7 verbose install     'errorhandler',
7 verbose install     'method-override',
7 verbose install     'morgan',
7 verbose install     'sequelize',
7 verbose install     'sqlite3',
7 verbose install     'lodash',
7 verbose install     'grunt',
7 verbose install     'grunt-autoprefixer',
7 verbose install     'grunt-bowercopy',
7 verbose install     'grunt-bower-install',
7 verbose install     'grunt-concurrent',
7 verbose install     'grunt-connect-proxy',
7 verbose install     'grunt-contrib-clean',
7 verbose install     'grunt-contrib-concat',
7 verbose install     'grunt-contrib-connect',
7 verbose install     'grunt-contrib-copy',
7 verbose install     'grunt-contrib-cssmin',
7 verbose install     'grunt-contrib-htmlmin',
7 verbose install     'grunt-contrib-imagemin',
7 verbose install     'grunt-contrib-jshint',
7 verbose install     'grunt-contrib-uglify',
7 verbose install     'grunt-contrib-watch',
7 verbose install     'grunt-karma',
7 verbose install     'grunt-modernizr',
7 verbose install     'grunt-ngmin',
7 verbose install     'grunt-rev',
7 verbose install     'grunt-svgmin',
7 verbose install     'grunt-sync',
7 verbose install     'grunt-usemin',
7 verbose install     'load-grunt-tasks',
7 verbose install     'time-grunt',
7 verbose install     'karma',
7 verbose install     'karma-junit-reporter',
7 verbose install     'karma-jasmine',
7 verbose install     'karma-ng-scenario' ] ]
8 info preinstall schroeder@0.0.0
9 verbose readDependencies using package.json deps
10 verbose cache add [ 'errorhandler@~1.0.0', null ]
11 verbose cache add name=undefined spec="errorhandler@~1.0.0" args=["errorhandler@~1.0.0",null]
12 verbose parsed url { protocol: null,
12 verbose parsed url   slashes: null,
12 verbose parsed url   auth: null,
12 verbose parsed url   host: null,
12 verbose parsed url   port: null,
12 verbose parsed url   hostname: null,
12 verbose parsed url   hash: null,
12 verbose parsed url   search: null,
12 verbose parsed url   query: null,
12 verbose parsed url   pathname: 'errorhandler@~1.0.0',
12 verbose parsed url   path: 'errorhandler@~1.0.0',
12 verbose parsed url   href: 'errorhandler@~1.0.0' }
13 verbose cache add name="errorhandler" spec="~1.0.0" args=["errorhandler","~1.0.0"]
14 verbose parsed url { protocol: null,
14 verbose parsed url   slashes: null,
14 verbose parsed url   auth: null,
14 verbose parsed url   host: null,
14 verbose parsed url   port: null,
14 verbose parsed url   hostname: null,
14 verbose parsed url   hash: null,
14 verbose parsed url   search: null,
14 verbose parsed url   query: null,
14 verbose parsed url   pathname: '~1.0.0',
14 verbose parsed url   path: '~1.0.0',
14 verbose parsed url   href: '~1.0.0' }
15 verbose addNamed [ 'errorhandler', '~1.0.0' ]
16 verbose addNamed [ null, '>=1.0.0-0 <1.1.0-0' ]
17 verbose cache add [ 'method-override@~1.0.0', null ]
18 verbose cache add name=undefined spec="method-override@~1.0.0" args=["method-override@~1.0.0",null]
19 verbose parsed url { protocol: null,
19 verbose parsed url   slashes: null,
19 verbose parsed url   auth: null,
19 verbose parsed url   host: null,
19 verbose parsed url   port: null,
19 verbose parsed url   hostname: null,
19 verbose parsed url   hash: null,
19 verbose parsed url   search: null,
19 verbose parsed url   query: null,
19 verbose parsed url   pathname: 'method-override@~1.0.0',
19 verbose parsed url   path: 'method-override@~1.0.0',
19 verbose parsed url   href: 'method-override@~1.0.0' }
20 silly lockFile 7721786e-errorhandler-1-0-0 errorhandler@~1.0.0
21 verbose lock errorhandler@~1.0.0 /Users/AgtLucas/.npm/7721786e-errorhandler-1-0-0.lock
22 verbose cache add [ 'morgan@~1.0.0', null ]
23 verbose cache add name=undefined spec="morgan@~1.0.0" args=["morgan@~1.0.0",null]
24 verbose parsed url { protocol: null,
24 verbose parsed url   slashes: null,
24 verbose parsed url   auth: null,
24 verbose parsed url   host: null,
24 verbose parsed url   port: null,
24 verbose parsed url   hostname: null,
24 verbose parsed url   hash: null,
24 verbose parsed url   search: null,
24 verbose parsed url   query: null,
24 verbose parsed url   pathname: 'morgan@~1.0.0',
24 verbose parsed url   path: 'morgan@~1.0.0',
24 verbose parsed url   href: 'morgan@~1.0.0' }
25 verbose cache add [ 'sequelize@~2.0.0-beta.2', null ]
26 verbose cache add name=undefined spec="sequelize@~2.0.0-beta.2" args=["sequelize@~2.0.0-beta.2",null]
27 verbose parsed url { protocol: null,
27 verbose parsed url   slashes: null,
27 verbose parsed url   auth: null,
27 verbose parsed url   host: null,
27 verbose parsed url   port: null,
27 verbose parsed url   hostname: null,
27 verbose parsed url   hash: null,
27 verbose parsed url   search: null,
27 verbose parsed url   query: null,
27 verbose parsed url   pathname: 'sequelize@~2.0.0-beta.2',
27 verbose parsed url   path: 'sequelize@~2.0.0-beta.2',
27 verbose parsed url   href: 'sequelize@~2.0.0-beta.2' }
28 verbose cache add name="method-override" spec="~1.0.0" args=["method-override","~1.0.0"]
29 verbose parsed url { protocol: null,
29 verbose parsed url   slashes: null,
29 verbose parsed url   auth: null,
29 verbose parsed url   host: null,
29 verbose parsed url   port: null,
29 verbose parsed url   hostname: null,
29 verbose parsed url   hash: null,
29 verbose parsed url   search: null,
29 verbose parsed url   query: null,
29 verbose parsed url   pathname: '~1.0.0',
29 verbose parsed url   path: '~1.0.0',
29 verbose parsed url   href: '~1.0.0' }
30 verbose addNamed [ 'method-override', '~1.0.0' ]
31 verbose addNamed [ null, '>=1.0.0-0 <1.1.0-0' ]
32 silly lockFile 75669156-method-override-1-0-0 method-override@~1.0.0
33 verbose lock method-override@~1.0.0 /Users/AgtLucas/.npm/75669156-method-override-1-0-0.lock
34 verbose cache add name="morgan" spec="~1.0.0" args=["morgan","~1.0.0"]
35 verbose parsed url { protocol: null,
35 verbose parsed url   slashes: null,
35 verbose parsed url   auth: null,
35 verbose parsed url   host: null,
35 verbose parsed url   port: null,
35 verbose parsed url   hostname: null,
35 verbose parsed url   hash: null,
35 verbose parsed url   search: null,
35 verbose parsed url   query: null,
35 verbose parsed url   pathname: '~1.0.0',
35 verbose parsed url   path: '~1.0.0',
35 verbose parsed url   href: '~1.0.0' }
36 verbose addNamed [ 'morgan', '~1.0.0' ]
37 verbose addNamed [ null, '>=1.0.0-0 <1.1.0-0' ]
38 silly lockFile 58998603-morgan-1-0-0 morgan@~1.0.0
39 verbose lock morgan@~1.0.0 /Users/AgtLucas/.npm/58998603-morgan-1-0-0.lock
40 verbose cache add [ 'lodash@~2.4.1', null ]
41 verbose cache add name=undefined spec="lodash@~2.4.1" args=["lodash@~2.4.1",null]
42 verbose parsed url { protocol: null,
42 verbose parsed url   slashes: null,
42 verbose parsed url   auth: null,
42 verbose parsed url   host: null,
42 verbose parsed url   port: null,
42 verbose parsed url   hostname: null,
42 verbose parsed url   hash: null,
42 verbose parsed url   search: null,
42 verbose parsed url   query: null,
42 verbose parsed url   pathname: 'lodash@~2.4.1',
42 verbose parsed url   path: 'lodash@~2.4.1',
42 verbose parsed url   href: 'lodash@~2.4.1' }
43 verbose cache add [ 'sqlite3@~2.1.5', null ]
44 verbose cache add name=undefined spec="sqlite3@~2.1.5" args=["sqlite3@~2.1.5",null]
45 verbose parsed url { protocol: null,
45 verbose parsed url   slashes: null,
45 verbose parsed url   auth: null,
45 verbose parsed url   host: null,
45 verbose parsed url   port: null,
45 verbose parsed url   hostname: null,
45 verbose parsed url   hash: null,
45 verbose parsed url   search: null,
45 verbose parsed url   query: null,
45 verbose parsed url   pathname: 'sqlite3@~2.1.5',
45 verbose parsed url   path: 'sqlite3@~2.1.5',
45 verbose parsed url   href: 'sqlite3@~2.1.5' }
46 verbose cache add [ 'grunt@~0.4.2', null ]
47 verbose cache add name=undefined spec="grunt@~0.4.2" args=["grunt@~0.4.2",null]
48 verbose parsed url { protocol: null,
48 verbose parsed url   slashes: null,
48 verbose parsed url   auth: null,
48 verbose parsed url   host: null,
48 verbose parsed url   port: null,
48 verbose parsed url   hostname: null,
48 verbose parsed url   hash: null,
48 verbose parsed url   search: null,
48 verbose parsed url   query: null,
48 verbose parsed url   pathname: 'grunt@~0.4.2',
48 verbose parsed url   path: 'grunt@~0.4.2',
48 verbose parsed url   href: 'grunt@~0.4.2' }
49 verbose cache add name="sequelize" spec="~2.0.0-beta.2" args=["sequelize","~2.0.0-beta.2"]
50 verbose parsed url { protocol: null,
50 verbose parsed url   slashes: null,
50 verbose parsed url   auth: null,
50 verbose parsed url   host: null,
50 verbose parsed url   port: null,
50 verbose parsed url   hostname: null,
50 verbose parsed url   hash: null,
50 verbose parsed url   search: null,
50 verbose parsed url   query: null,
50 verbose parsed url   pathname: '~2.0.0-beta.2',
50 verbose parsed url   path: '~2.0.0-beta.2',
50 verbose parsed url   href: '~2.0.0-beta.2' }
51 verbose addNamed [ 'sequelize', '~2.0.0-beta.2' ]
52 verbose addNamed [ null, '>=2.0.0-beta.2 <2.1.0-0' ]
53 silly lockFile 8c639cff-sequelize-2-0-0-beta-2 sequelize@~2.0.0-beta.2
54 verbose lock sequelize@~2.0.0-beta.2 /Users/AgtLucas/.npm/8c639cff-sequelize-2-0-0-beta-2.lock
55 silly addNameRange { name: 'errorhandler',
55 silly addNameRange   range: '>=1.0.0-0 <1.1.0-0',
55 silly addNameRange   hasData: false }
56 verbose cache add name="lodash" spec="~2.4.1" args=["lodash","~2.4.1"]
57 verbose parsed url { protocol: null,
57 verbose parsed url   slashes: null,
57 verbose parsed url   auth: null,
57 verbose parsed url   host: null,
57 verbose parsed url   port: null,
57 verbose parsed url   hostname: null,
57 verbose parsed url   hash: null,
57 verbose parsed url   search: null,
57 verbose parsed url   query: null,
57 verbose parsed url   pathname: '~2.4.1',
57 verbose parsed url   path: '~2.4.1',
57 verbose parsed url   href: '~2.4.1' }
58 verbose addNamed [ 'lodash', '~2.4.1' ]
59 verbose addNamed [ null, '>=2.4.1-0 <2.5.0-0' ]
60 silly lockFile 257f9ab3-lodash-2-4-1 lodash@~2.4.1
61 verbose lock lodash@~2.4.1 /Users/AgtLucas/.npm/257f9ab3-lodash-2-4-1.lock
62 verbose cache add name="sqlite3" spec="~2.1.5" args=["sqlite3","~2.1.5"]
63 verbose parsed url { protocol: null,
63 verbose parsed url   slashes: null,
63 verbose parsed url   auth: null,
63 verbose parsed url   host: null,
63 verbose parsed url   port: null,
63 verbose parsed url   hostname: null,
63 verbose parsed url   hash: null,
63 verbose parsed url   search: null,
63 verbose parsed url   query: null,
63 verbose parsed url   pathname: '~2.1.5',
63 verbose parsed url   path: '~2.1.5',
63 verbose parsed url   href: '~2.1.5' }
64 verbose addNamed [ 'sqlite3', '~2.1.5' ]
65 verbose addNamed [ null, '>=2.1.5-0 <2.2.0-0' ]
66 silly lockFile 3272568e-sqlite3-2-1-5 sqlite3@~2.1.5
67 verbose lock sqlite3@~2.1.5 /Users/AgtLucas/.npm/3272568e-sqlite3-2-1-5.lock
68 verbose cache add [ 'grunt-bowercopy@~0.4.1', null ]
69 verbose cache add name=undefined spec="grunt-bowercopy@~0.4.1" args=["grunt-bowercopy@~0.4.1",null]
70 verbose parsed url { protocol: null,
70 verbose parsed url   slashes: null,
70 verbose parsed url   auth: null,
70 verbose parsed url   host: null,
70 verbose parsed url   port: null,
70 verbose parsed url   hostname: null,
70 verbose parsed url   hash: null,
70 verbose parsed url   search: null,
70 verbose parsed url   query: null,
70 verbose parsed url   pathname: 'grunt-bowercopy@~0.4.1',
70 verbose parsed url   path: 'grunt-bowercopy@~0.4.1',
70 verbose parsed url   href: 'grunt-bowercopy@~0.4.1' }
71 verbose cache add [ 'grunt-autoprefixer@~0.4.2', null ]
72 verbose cache add name=undefined spec="grunt-autoprefixer@~0.4.2" args=["grunt-autoprefixer@~0.4.2",null]
73 verbose parsed url { protocol: null,
73 verbose parsed url   slashes: null,
73 verbose parsed url   auth: null,
73 verbose parsed url   host: null,
73 verbose parsed url   port: null,
73 verbose parsed url   hostname: null,
73 verbose parsed url   hash: null,
73 verbose parsed url   search: null,
73 verbose parsed url   query: null,
73 verbose parsed url   pathname: 'grunt-autoprefixer@~0.4.2',
73 verbose parsed url   path: 'grunt-autoprefixer@~0.4.2',
73 verbose parsed url   href: 'grunt-autoprefixer@~0.4.2' }
74 verbose cache add [ 'grunt-bower-install@~0.7.0', null ]
75 verbose cache add name=undefined spec="grunt-bower-install@~0.7.0" args=["grunt-bower-install@~0.7.0",null]
76 verbose parsed url { protocol: null,
76 verbose parsed url   slashes: null,
76 verbose parsed url   auth: null,
76 verbose parsed url   host: null,
76 verbose parsed url   port: null,
76 verbose parsed url   hostname: null,
76 verbose parsed url   hash: null,
76 verbose parsed url   search: null,
76 verbose parsed url   query: null,
76 verbose parsed url   pathname: 'grunt-bower-install@~0.7.0',
76 verbose parsed url   path: 'grunt-bower-install@~0.7.0',
76 verbose parsed url   href: 'grunt-bower-install@~0.7.0' }
77 verbose cache add [ 'grunt-concurrent@~0.4.2', null ]
78 verbose cache add name=undefined spec="grunt-concurrent@~0.4.2" args=["grunt-concurrent@~0.4.2",null]
79 verbose parsed url { protocol: null,
79 verbose parsed url   slashes: null,
79 verbose parsed url   auth: null,
79 verbose parsed url   host: null,
79 verbose parsed url   port: null,
79 verbose parsed url   hostname: null,
79 verbose parsed url   hash: null,
79 verbose parsed url   search: null,
79 verbose parsed url   query: null,
79 verbose parsed url   pathname: 'grunt-concurrent@~0.4.2',
79 verbose parsed url   path: 'grunt-concurrent@~0.4.2',
79 verbose parsed url   href: 'grunt-concurrent@~0.4.2' }
80 verbose cache add [ 'grunt-connect-proxy@~0.1.7', null ]
81 verbose cache add name=undefined spec="grunt-connect-proxy@~0.1.7" args=["grunt-connect-proxy@~0.1.7",null]
82 verbose parsed url { protocol: null,
82 verbose parsed url   slashes: null,
82 verbose parsed url   auth: null,
82 verbose parsed url   host: null,
82 verbose parsed url   port: null,
82 verbose parsed url   hostname: null,
82 verbose parsed url   hash: null,
82 verbose parsed url   search: null,
82 verbose parsed url   query: null,
82 verbose parsed url   pathname: 'grunt-connect-proxy@~0.1.7',
82 verbose parsed url   path: 'grunt-connect-proxy@~0.1.7',
82 verbose parsed url   href: 'grunt-connect-proxy@~0.1.7' }
83 verbose cache add [ 'grunt-contrib-clean@~0.5.0', null ]
84 verbose cache add name=undefined spec="grunt-contrib-clean@~0.5.0" args=["grunt-contrib-clean@~0.5.0",null]
85 verbose parsed url { protocol: null,
85 verbose parsed url   slashes: null,
85 verbose parsed url   auth: null,
85 verbose parsed url   host: null,
85 verbose parsed url   port: null,
85 verbose parsed url   hostname: null,
85 verbose parsed url   hash: null,
85 verbose parsed url   search: null,
85 verbose parsed url   query: null,
85 verbose parsed url   pathname: 'grunt-contrib-clean@~0.5.0',
85 verbose parsed url   path: 'grunt-contrib-clean@~0.5.0',
85 verbose parsed url   href: 'grunt-contrib-clean@~0.5.0' }
86 verbose cache add name="grunt" spec="~0.4.2" args=["grunt","~0.4.2"]
87 verbose parsed url { protocol: null,
87 verbose parsed url   slashes: null,
87 verbose parsed url   auth: null,
87 verbose parsed url   host: null,
87 verbose parsed url   port: null,
87 verbose parsed url   hostname: null,
87 verbose parsed url   hash: null,
87 verbose parsed url   search: null,
87 verbose parsed url   query: null,
87 verbose parsed url   pathname: '~0.4.2',
87 verbose parsed url   path: '~0.4.2',
87 verbose parsed url   href: '~0.4.2' }
88 verbose addNamed [ 'grunt', '~0.4.2' ]
89 verbose addNamed [ null, '>=0.4.2-0 <0.5.0-0' ]
90 silly lockFile 73260332-grunt-0-4-2 grunt@~0.4.2
91 verbose lock grunt@~0.4.2 /Users/AgtLucas/.npm/73260332-grunt-0-4-2.lock
92 silly addNameRange { name: 'method-override',
92 silly addNameRange   range: '>=1.0.0-0 <1.1.0-0',
92 silly addNameRange   hasData: false }
93 silly addNameRange { name: 'morgan', range: '>=1.0.0-0 <1.1.0-0', hasData: false }
94 verbose cache add name="grunt-bowercopy" spec="~0.4.1" args=["grunt-bowercopy","~0.4.1"]
95 verbose parsed url { protocol: null,
95 verbose parsed url   slashes: null,
95 verbose parsed url   auth: null,
95 verbose parsed url   host: null,
95 verbose parsed url   port: null,
95 verbose parsed url   hostname: null,
95 verbose parsed url   hash: null,
95 verbose parsed url   search: null,
95 verbose parsed url   query: null,
95 verbose parsed url   pathname: '~0.4.1',
95 verbose parsed url   path: '~0.4.1',
95 verbose parsed url   href: '~0.4.1' }
96 verbose addNamed [ 'grunt-bowercopy', '~0.4.1' ]
97 verbose addNamed [ null, '>=0.4.1-0 <0.5.0-0' ]
98 silly lockFile 7be383fd-grunt-bowercopy-0-4-1 grunt-bowercopy@~0.4.1
99 verbose lock grunt-bowercopy@~0.4.1 /Users/AgtLucas/.npm/7be383fd-grunt-bowercopy-0-4-1.lock
100 verbose cache add name="grunt-autoprefixer" spec="~0.4.2" args=["grunt-autoprefixer","~0.4.2"]
101 verbose parsed url { protocol: null,
101 verbose parsed url   slashes: null,
101 verbose parsed url   auth: null,
101 verbose parsed url   host: null,
101 verbose parsed url   port: null,
101 verbose parsed url   hostname: null,
101 verbose parsed url   hash: null,
101 verbose parsed url   search: null,
101 verbose parsed url   query: null,
101 verbose parsed url   pathname: '~0.4.2',
101 verbose parsed url   path: '~0.4.2',
101 verbose parsed url   href: '~0.4.2' }
102 verbose addNamed [ 'grunt-autoprefixer', '~0.4.2' ]
103 verbose addNamed [ null, '>=0.4.2-0 <0.5.0-0' ]
104 silly lockFile 1b6586bd-grunt-autoprefixer-0-4-2 grunt-autoprefixer@~0.4.2
105 verbose lock grunt-autoprefixer@~0.4.2 /Users/AgtLucas/.npm/1b6586bd-grunt-autoprefixer-0-4-2.lock
106 verbose cache add name="grunt-bower-install" spec="~0.7.0" args=["grunt-bower-install","~0.7.0"]
107 verbose parsed url { protocol: null,
107 verbose parsed url   slashes: null,
107 verbose parsed url   auth: null,
107 verbose parsed url   host: null,
107 verbose parsed url   port: null,
107 verbose parsed url   hostname: null,
107 verbose parsed url   hash: null,
107 verbose parsed url   search: null,
107 verbose parsed url   query: null,
107 verbose parsed url   pathname: '~0.7.0',
107 verbose parsed url   path: '~0.7.0',
107 verbose parsed url   href: '~0.7.0' }
108 verbose addNamed [ 'grunt-bower-install', '~0.7.0' ]
109 verbose addNamed [ null, '>=0.7.0-0 <0.8.0-0' ]
110 silly lockFile 26c9e109-grunt-bower-install-0-7-0 grunt-bower-install@~0.7.0
111 verbose lock grunt-bower-install@~0.7.0 /Users/AgtLucas/.npm/26c9e109-grunt-bower-install-0-7-0.lock
112 verbose cache add name="grunt-concurrent" spec="~0.4.2" args=["grunt-concurrent","~0.4.2"]
113 verbose parsed url { protocol: null,
113 verbose parsed url   slashes: null,
113 verbose parsed url   auth: null,
113 verbose parsed url   host: null,
113 verbose parsed url   port: null,
113 verbose parsed url   hostname: null,
113 verbose parsed url   hash: null,
113 verbose parsed url   search: null,
113 verbose parsed url   query: null,
113 verbose parsed url   pathname: '~0.4.2',
113 verbose parsed url   path: '~0.4.2',
113 verbose parsed url   href: '~0.4.2' }
114 verbose addNamed [ 'grunt-concurrent', '~0.4.2' ]
115 verbose addNamed [ null, '>=0.4.2-0 <0.5.0-0' ]
116 silly lockFile 6314bcea-grunt-concurrent-0-4-2 grunt-concurrent@~0.4.2
117 verbose lock grunt-concurrent@~0.4.2 /Users/AgtLucas/.npm/6314bcea-grunt-concurrent-0-4-2.lock
118 verbose cache add name="grunt-connect-proxy" spec="~0.1.7" args=["grunt-connect-proxy","~0.1.7"]
119 verbose parsed url { protocol: null,
119 verbose parsed url   slashes: null,
119 verbose parsed url   auth: null,
119 verbose parsed url   host: null,
119 verbose parsed url   port: null,
119 verbose parsed url   hostname: null,
119 verbose parsed url   hash: null,
119 verbose parsed url   search: null,
119 verbose parsed url   query: null,
119 verbose parsed url   pathname: '~0.1.7',
119 verbose parsed url   path: '~0.1.7',
119 verbose parsed url   href: '~0.1.7' }
120 verbose addNamed [ 'grunt-connect-proxy', '~0.1.7' ]
121 verbose addNamed [ null, '>=0.1.7-0 <0.2.0-0' ]
122 silly lockFile a3aa8143-grunt-connect-proxy-0-1-7 grunt-connect-proxy@~0.1.7
123 verbose lock grunt-connect-proxy@~0.1.7 /Users/AgtLucas/.npm/a3aa8143-grunt-connect-proxy-0-1-7.lock
124 verbose cache add [ 'grunt-contrib-concat@~0.3.0', null ]
125 verbose cache add name=undefined spec="grunt-contrib-concat@~0.3.0" args=["grunt-contrib-concat@~0.3.0",null]
126 verbose parsed url { protocol: null,
126 verbose parsed url   slashes: null,
126 verbose parsed url   auth: null,
126 verbose parsed url   host: null,
126 verbose parsed url   port: null,
126 verbose parsed url   hostname: null,
126 verbose parsed url   hash: null,
126 verbose parsed url   search: null,
126 verbose parsed url   query: null,
126 verbose parsed url   pathname: 'grunt-contrib-concat@~0.3.0',
126 verbose parsed url   path: 'grunt-contrib-concat@~0.3.0',
126 verbose parsed url   href: 'grunt-contrib-concat@~0.3.0' }
127 verbose cache add [ 'grunt-contrib-connect@~0.5.0', null ]
128 verbose cache add name=undefined spec="grunt-contrib-connect@~0.5.0" args=["grunt-contrib-connect@~0.5.0",null]
129 verbose parsed url { protocol: null,
129 verbose parsed url   slashes: null,
129 verbose parsed url   auth: null,
129 verbose parsed url   host: null,
129 verbose parsed url   port: null,
129 verbose parsed url   hostname: null,
129 verbose parsed url   hash: null,
129 verbose parsed url   search: null,
129 verbose parsed url   query: null,
129 verbose parsed url   pathname: 'grunt-contrib-connect@~0.5.0',
129 verbose parsed url   path: 'grunt-contrib-connect@~0.5.0',
129 verbose parsed url   href: 'grunt-contrib-connect@~0.5.0' }
130 verbose cache add [ 'grunt-contrib-copy@~0.4.1', null ]
131 verbose cache add name=undefined spec="grunt-contrib-copy@~0.4.1" args=["grunt-contrib-copy@~0.4.1",null]
132 verbose parsed url { protocol: null,
132 verbose parsed url   slashes: null,
132 verbose parsed url   auth: null,
132 verbose parsed url   host: null,
132 verbose parsed url   port: null,
132 verbose parsed url   hostname: null,
132 verbose parsed url   hash: null,
132 verbose parsed url   search: null,
132 verbose parsed url   query: null,
132 verbose parsed url   pathname: 'grunt-contrib-copy@~0.4.1',
132 verbose parsed url   path: 'grunt-contrib-copy@~0.4.1',
132 verbose parsed url   href: 'grunt-contrib-copy@~0.4.1' }
133 verbose cache add [ 'grunt-contrib-cssmin@~0.7.0', null ]
134 verbose cache add name=undefined spec="grunt-contrib-cssmin@~0.7.0" args=["grunt-contrib-cssmin@~0.7.0",null]
135 verbose parsed url { protocol: null,
135 verbose parsed url   slashes: null,
135 verbose parsed url   auth: null,
135 verbose parsed url   host: null,
135 verbose parsed url   port: null,
135 verbose parsed url   hostname: null,
135 verbose parsed url   hash: null,
135 verbose parsed url   search: null,
135 verbose parsed url   query: null,
135 verbose parsed url   pathname: 'grunt-contrib-cssmin@~0.7.0',
135 verbose parsed url   path: 'grunt-contrib-cssmin@~0.7.0',
135 verbose parsed url   href: 'grunt-contrib-cssmin@~0.7.0' }
136 verbose cache add [ 'grunt-contrib-htmlmin@~0.1.3', null ]
137 verbose cache add name=undefined spec="grunt-contrib-htmlmin@~0.1.3" args=["grunt-contrib-htmlmin@~0.1.3",null]
138 verbose parsed url { protocol: null,
138 verbose parsed url   slashes: null,
138 verbose parsed url   auth: null,
138 verbose parsed url   host: null,
138 verbose parsed url   port: null,
138 verbose parsed url   hostname: null,
138 verbose parsed url   hash: null,
138 verbose parsed url   search: null,
138 verbose parsed url   query: null,
138 verbose parsed url   pathname: 'grunt-contrib-htmlmin@~0.1.3',
138 verbose parsed url   path: 'grunt-contrib-htmlmin@~0.1.3',
138 verbose parsed url   href: 'grunt-contrib-htmlmin@~0.1.3' }
139 verbose cache add [ 'grunt-contrib-imagemin@~0.4.0', null ]
140 verbose cache add name=undefined spec="grunt-contrib-imagemin@~0.4.0" args=["grunt-contrib-imagemin@~0.4.0",null]
141 verbose parsed url { protocol: null,
141 verbose parsed url   slashes: null,
141 verbose parsed url   auth: null,
141 verbose parsed url   host: null,
141 verbose parsed url   port: null,
141 verbose parsed url   hostname: null,
141 verbose parsed url   hash: null,
141 verbose parsed url   search: null,
141 verbose parsed url   query: null,
141 verbose parsed url   pathname: 'grunt-contrib-imagemin@~0.4.0',
141 verbose parsed url   path: 'grunt-contrib-imagemin@~0.4.0',
141 verbose parsed url   href: 'grunt-contrib-imagemin@~0.4.0' }
142 verbose cache add [ 'grunt-contrib-jshint@~0.7.2', null ]
143 verbose cache add name=undefined spec="grunt-contrib-jshint@~0.7.2" args=["grunt-contrib-jshint@~0.7.2",null]
144 verbose parsed url { protocol: null,
144 verbose parsed url   slashes: null,
144 verbose parsed url   auth: null,
144 verbose parsed url   host: null,
144 verbose parsed url   port: null,
144 verbose parsed url   hostname: null,
144 verbose parsed url   hash: null,
144 verbose parsed url   search: null,
144 verbose parsed url   query: null,
144 verbose parsed url   pathname: 'grunt-contrib-jshint@~0.7.2',
144 verbose parsed url   path: 'grunt-contrib-jshint@~0.7.2',
144 verbose parsed url   href: 'grunt-contrib-jshint@~0.7.2' }
145 verbose cache add [ 'grunt-contrib-uglify@~0.2.7', null ]
146 verbose cache add name=undefined spec="grunt-contrib-uglify@~0.2.7" args=["grunt-contrib-uglify@~0.2.7",null]
147 verbose parsed url { protocol: null,
147 verbose parsed url   slashes: null,
147 verbose parsed url   auth: null,
147 verbose parsed url   host: null,
147 verbose parsed url   port: null,
147 verbose parsed url   hostname: null,
147 verbose parsed url   hash: null,
147 verbose parsed url   search: null,
147 verbose parsed url   query: null,
147 verbose parsed url   pathname: 'grunt-contrib-uglify@~0.2.7',
147 verbose parsed url   path: 'grunt-contrib-uglify@~0.2.7',
147 verbose parsed url   href: 'grunt-contrib-uglify@~0.2.7' }
148 verbose cache add [ 'grunt-contrib-watch@~0.5.3', null ]
149 verbose cache add name=undefined spec="grunt-contrib-watch@~0.5.3" args=["grunt-contrib-watch@~0.5.3",null]
150 verbose parsed url { protocol: null,
150 verbose parsed url   slashes: null,
150 verbose parsed url   auth: null,
150 verbose parsed url   host: null,
150 verbose parsed url   port: null,
150 verbose parsed url   hostname: null,
150 verbose parsed url   hash: null,
150 verbose parsed url   search: null,
150 verbose parsed url   query: null,
150 verbose parsed url   pathname: 'grunt-contrib-watch@~0.5.3',
150 verbose parsed url   path: 'grunt-contrib-watch@~0.5.3',
150 verbose parsed url   href: 'grunt-contrib-watch@~0.5.3' }
151 verbose cache add [ 'grunt-karma@~0.6.2', null ]
152 verbose cache add name=undefined spec="grunt-karma@~0.6.2" args=["grunt-karma@~0.6.2",null]
153 verbose parsed url { protocol: null,
153 verbose parsed url   slashes: null,
153 verbose parsed url   auth: null,
153 verbose parsed url   host: null,
153 verbose parsed url   port: null,
153 verbose parsed url   hostname: null,
153 verbose parsed url   hash: null,
153 verbose parsed url   search: null,
153 verbose parsed url   query: null,
153 verbose parsed url   pathname: 'grunt-karma@~0.6.2',
153 verbose parsed url   path: 'grunt-karma@~0.6.2',
153 verbose parsed url   href: 'grunt-karma@~0.6.2' }
154 verbose cache add name="grunt-contrib-clean" spec="~0.5.0" args=["grunt-contrib-clean","~0.5.0"]
155 verbose parsed url { protocol: null,
155 verbose parsed url   slashes: null,
155 verbose parsed url   auth: null,
155 verbose parsed url   host: null,
155 verbose parsed url   port: null,
155 verbose parsed url   hostname: null,
155 verbose parsed url   hash: null,
155 verbose parsed url   search: null,
155 verbose parsed url   query: null,
155 verbose parsed url   pathname: '~0.5.0',
155 verbose parsed url   path: '~0.5.0',
155 verbose parsed url   href: '~0.5.0' }
156 verbose addNamed [ 'grunt-contrib-clean', '~0.5.0' ]
157 verbose addNamed [ null, '>=0.5.0-0 <0.6.0-0' ]
158 silly lockFile 83f743bc-grunt-contrib-clean-0-5-0 grunt-contrib-clean@~0.5.0
159 verbose lock grunt-contrib-clean@~0.5.0 /Users/AgtLucas/.npm/83f743bc-grunt-contrib-clean-0-5-0.lock
160 silly addNameRange { name: 'sequelize',
160 silly addNameRange   range: '>=2.0.0-beta.2 <2.1.0-0',
160 silly addNameRange   hasData: false }
161 silly addNameRange { name: 'lodash', range: '>=2.4.1-0 <2.5.0-0', hasData: false }
162 silly addNameRange { name: 'sqlite3', range: '>=2.1.5-0 <2.2.0-0', hasData: false }
163 verbose cache add name="grunt-contrib-concat" spec="~0.3.0" args=["grunt-contrib-concat","~0.3.0"]
164 verbose parsed url { protocol: null,
164 verbose parsed url   slashes: null,
164 verbose parsed url   auth: null,
164 verbose parsed url   host: null,
164 verbose parsed url   port: null,
164 verbose parsed url   hostname: null,
164 verbose parsed url   hash: null,
164 verbose parsed url   search: null,
164 verbose parsed url   query: null,
164 verbose parsed url   pathname: '~0.3.0',
164 verbose parsed url   path: '~0.3.0',
164 verbose parsed url   href: '~0.3.0' }
165 verbose addNamed [ 'grunt-contrib-concat', '~0.3.0' ]
166 verbose addNamed [ null, '>=0.3.0-0 <0.4.0-0' ]
167 silly lockFile 0e44e68e-grunt-contrib-concat-0-3-0 grunt-contrib-concat@~0.3.0
168 verbose lock grunt-contrib-concat@~0.3.0 /Users/AgtLucas/.npm/0e44e68e-grunt-contrib-concat-0-3-0.lock
169 verbose cache add name="grunt-contrib-connect" spec="~0.5.0" args=["grunt-contrib-connect","~0.5.0"]
170 verbose parsed url { protocol: null,
170 verbose parsed url   slashes: null,
170 verbose parsed url   auth: null,
170 verbose parsed url   host: null,
170 verbose parsed url   port: null,
170 verbose parsed url   hostname: null,
170 verbose parsed url   hash: null,
170 verbose parsed url   search: null,
170 verbose parsed url   query: null,
170 verbose parsed url   pathname: '~0.5.0',
170 verbose parsed url   path: '~0.5.0',
170 verbose parsed url   href: '~0.5.0' }
171 verbose addNamed [ 'grunt-contrib-connect', '~0.5.0' ]
172 verbose addNamed [ null, '>=0.5.0-0 <0.6.0-0' ]
173 silly lockFile bc7bae3b-grunt-contrib-connect-0-5-0 grunt-contrib-connect@~0.5.0
174 verbose lock grunt-contrib-connect@~0.5.0 /Users/AgtLucas/.npm/bc7bae3b-grunt-contrib-connect-0-5-0.lock
175 verbose cache add name="grunt-contrib-copy" spec="~0.4.1" args=["grunt-contrib-copy","~0.4.1"]
176 verbose parsed url { protocol: null,
176 verbose parsed url   slashes: null,
176 verbose parsed url   auth: null,
176 verbose parsed url   host: null,
176 verbose parsed url   port: null,
176 verbose parsed url   hostname: null,
176 verbose parsed url   hash: null,
176 verbose parsed url   search: null,
176 verbose parsed url   query: null,
176 verbose parsed url   pathname: '~0.4.1',
176 verbose parsed url   path: '~0.4.1',
176 verbose parsed url   href: '~0.4.1' }
177 verbose addNamed [ 'grunt-contrib-copy', '~0.4.1' ]
178 verbose addNamed [ null, '>=0.4.1-0 <0.5.0-0' ]
179 silly lockFile c84f658a-grunt-contrib-copy-0-4-1 grunt-contrib-copy@~0.4.1
180 verbose lock grunt-contrib-copy@~0.4.1 /Users/AgtLucas/.npm/c84f658a-grunt-contrib-copy-0-4-1.lock
181 verbose cache add name="grunt-contrib-cssmin" spec="~0.7.0" args=["grunt-contrib-cssmin","~0.7.0"]
182 verbose parsed url { protocol: null,
182 verbose parsed url   slashes: null,
182 verbose parsed url   auth: null,
182 verbose parsed url   host: null,
182 verbose parsed url   port: null,
182 verbose parsed url   hostname: null,
182 verbose parsed url   hash: null,
182 verbose parsed url   search: null,
182 verbose parsed url   query: null,
182 verbose parsed url   pathname: '~0.7.0',
182 verbose parsed url   path: '~0.7.0',
182 verbose parsed url   href: '~0.7.0' }
183 verbose addNamed [ 'grunt-contrib-cssmin', '~0.7.0' ]
184 verbose addNamed [ null, '>=0.7.0-0 <0.8.0-0' ]
185 silly lockFile 77b758e3-grunt-contrib-cssmin-0-7-0 grunt-contrib-cssmin@~0.7.0
186 verbose lock grunt-contrib-cssmin@~0.7.0 /Users/AgtLucas/.npm/77b758e3-grunt-contrib-cssmin-0-7-0.lock
187 verbose cache add name="grunt-contrib-htmlmin" spec="~0.1.3" args=["grunt-contrib-htmlmin","~0.1.3"]
188 verbose parsed url { protocol: null,
188 verbose parsed url   slashes: null,
188 verbose parsed url   auth: null,
188 verbose parsed url   host: null,
188 verbose parsed url   port: null,
188 verbose parsed url   hostname: null,
188 verbose parsed url   hash: null,
188 verbose parsed url   search: null,
188 verbose parsed url   query: null,
188 verbose parsed url   pathname: '~0.1.3',
188 verbose parsed url   path: '~0.1.3',
188 verbose parsed url   href: '~0.1.3' }
189 verbose addNamed [ 'grunt-contrib-htmlmin', '~0.1.3' ]
190 verbose addNamed [ null, '>=0.1.3-0 <0.2.0-0' ]
191 silly lockFile 2f1223f9-grunt-contrib-htmlmin-0-1-3 grunt-contrib-htmlmin@~0.1.3
192 verbose lock grunt-contrib-htmlmin@~0.1.3 /Users/AgtLucas/.npm/2f1223f9-grunt-contrib-htmlmin-0-1-3.lock
193 verbose cache add name="grunt-contrib-imagemin" spec="~0.4.0" args=["grunt-contrib-imagemin","~0.4.0"]
194 verbose parsed url { protocol: null,
194 verbose parsed url   slashes: null,
194 verbose parsed url   auth: null,
194 verbose parsed url   host: null,
194 verbose parsed url   port: null,
194 verbose parsed url   hostname: null,
194 verbose parsed url   hash: null,
194 verbose parsed url   search: null,
194 verbose parsed url   query: null,
194 verbose parsed url   pathname: '~0.4.0',
194 verbose parsed url   path: '~0.4.0',
194 verbose parsed url   href: '~0.4.0' }
195 verbose addNamed [ 'grunt-contrib-imagemin', '~0.4.0' ]
196 verbose addNamed [ null, '>=0.4.0-0 <0.5.0-0' ]
197 silly lockFile bb04df70-grunt-contrib-imagemin-0-4-0 grunt-contrib-imagemin@~0.4.0
198 verbose lock grunt-contrib-imagemin@~0.4.0 /Users/AgtLucas/.npm/bb04df70-grunt-contrib-imagemin-0-4-0.lock
199 verbose cache add name="grunt-contrib-jshint" spec="~0.7.2" args=["grunt-contrib-jshint","~0.7.2"]
200 verbose parsed url { protocol: null,
200 verbose parsed url   slashes: null,
200 verbose parsed url   auth: null,
200 verbose parsed url   host: null,
200 verbose parsed url   port: null,
200 verbose parsed url   hostname: null,
200 verbose parsed url   hash: null,
200 verbose parsed url   search: null,
200 verbose parsed url   query: null,
200 verbose parsed url   pathname: '~0.7.2',
200 verbose parsed url   path: '~0.7.2',
200 verbose parsed url   href: '~0.7.2' }
201 verbose addNamed [ 'grunt-contrib-jshint', '~0.7.2' ]
202 verbose addNamed [ null, '>=0.7.2-0 <0.8.0-0' ]
203 silly lockFile 31601194-grunt-contrib-jshint-0-7-2 grunt-contrib-jshint@~0.7.2
204 verbose lock grunt-contrib-jshint@~0.7.2 /Users/AgtLucas/.npm/31601194-grunt-contrib-jshint-0-7-2.lock
205 verbose cache add name="grunt-contrib-uglify" spec="~0.2.7" args=["grunt-contrib-uglify","~0.2.7"]
206 verbose parsed url { protocol: null,
206 verbose parsed url   slashes: null,
206 verbose parsed url   auth: null,
206 verbose parsed url   host: null,
206 verbose parsed url   port: null,
206 verbose parsed url   hostname: null,
206 verbose parsed url   hash: null,
206 verbose parsed url   search: null,
206 verbose parsed url   query: null,
206 verbose parsed url   pathname: '~0.2.7',
206 verbose parsed url   path: '~0.2.7',
206 verbose parsed url   href: '~0.2.7' }
207 verbose addNamed [ 'grunt-contrib-uglify', '~0.2.7' ]
208 verbose addNamed [ null, '>=0.2.7-0 <0.3.0-0' ]
209 silly lockFile 55f336b7-grunt-contrib-uglify-0-2-7 grunt-contrib-uglify@~0.2.7
210 verbose lock grunt-contrib-uglify@~0.2.7 /Users/AgtLucas/.npm/55f336b7-grunt-contrib-uglify-0-2-7.lock
211 verbose cache add name="grunt-contrib-watch" spec="~0.5.3" args=["grunt-contrib-watch","~0.5.3"]
212 verbose parsed url { protocol: null,
212 verbose parsed url   slashes: null,
212 verbose parsed url   auth: null,
212 verbose parsed url   host: null,
212 verbose parsed url   port: null,
212 verbose parsed url   hostname: null,
212 verbose parsed url   hash: null,
212 verbose parsed url   search: null,
212 verbose parsed url   query: null,
212 verbose parsed url   pathname: '~0.5.3',
212 verbose parsed url   path: '~0.5.3',
212 verbose parsed url   href: '~0.5.3' }
213 verbose addNamed [ 'grunt-contrib-watch', '~0.5.3' ]
214 verbose addNamed [ null, '>=0.5.3-0 <0.6.0-0' ]
215 silly lockFile b469febc-grunt-contrib-watch-0-5-3 grunt-contrib-watch@~0.5.3
216 verbose lock grunt-contrib-watch@~0.5.3 /Users/AgtLucas/.npm/b469febc-grunt-contrib-watch-0-5-3.lock
217 verbose cache add name="grunt-karma" spec="~0.6.2" args=["grunt-karma","~0.6.2"]
218 verbose parsed url { protocol: null,
218 verbose parsed url   slashes: null,
218 verbose parsed url   auth: null,
218 verbose parsed url   host: null,
218 verbose parsed url   port: null,
218 verbose parsed url   hostname: null,
218 verbose parsed url   hash: null,
218 verbose parsed url   search: null,
218 verbose parsed url   query: null,
218 verbose parsed url   pathname: '~0.6.2',
218 verbose parsed url   path: '~0.6.2',
218 verbose parsed url   href: '~0.6.2' }
219 verbose addNamed [ 'grunt-karma', '~0.6.2' ]
220 verbose addNamed [ null, '>=0.6.2-0 <0.7.0-0' ]
221 silly lockFile 68aafde4-grunt-karma-0-6-2 grunt-karma@~0.6.2
222 verbose lock grunt-karma@~0.6.2 /Users/AgtLucas/.npm/68aafde4-grunt-karma-0-6-2.lock
223 verbose cache add [ 'grunt-modernizr@~0.4.1', null ]
224 verbose cache add name=undefined spec="grunt-modernizr@~0.4.1" args=["grunt-modernizr@~0.4.1",null]
225 verbose parsed url { protocol: null,
225 verbose parsed url   slashes: null,
225 verbose parsed url   auth: null,
225 verbose parsed url   host: null,
225 verbose parsed url   port: null,
225 verbose parsed url   hostname: null,
225 verbose parsed url   hash: null,
225 verbose parsed url   search: null,
225 verbose parsed url   query: null,
225 verbose parsed url   pathname: 'grunt-modernizr@~0.4.1',
225 verbose parsed url   path: 'grunt-modernizr@~0.4.1',
225 verbose parsed url   href: 'grunt-modernizr@~0.4.1' }
226 verbose cache add [ 'grunt-ngmin@~0.0.3', null ]
227 verbose cache add name=undefined spec="grunt-ngmin@~0.0.3" args=["grunt-ngmin@~0.0.3",null]
228 verbose parsed url { protocol: null,
228 verbose parsed url   slashes: null,
228 verbose parsed url   auth: null,
228 verbose parsed url   host: null,
228 verbose parsed url   port: null,
228 verbose parsed url   hostname: null,
228 verbose parsed url   hash: null,
228 verbose parsed url   search: null,
228 verbose parsed url   query: null,
228 verbose parsed url   pathname: 'grunt-ngmin@~0.0.3',
228 verbose parsed url   path: 'grunt-ngmin@~0.0.3',
228 verbose parsed url   href: 'grunt-ngmin@~0.0.3' }
229 verbose cache add [ 'grunt-rev@~0.1.0', null ]
230 verbose cache add name=undefined spec="grunt-rev@~0.1.0" args=["grunt-rev@~0.1.0",null]
231 verbose parsed url { protocol: null,
231 verbose parsed url   slashes: null,
231 verbose parsed url   auth: null,
231 verbose parsed url   host: null,
231 verbose parsed url   port: null,
231 verbose parsed url   hostname: null,
231 verbose parsed url   hash: null,
231 verbose parsed url   search: null,
231 verbose parsed url   query: null,
231 verbose parsed url   pathname: 'grunt-rev@~0.1.0',
231 verbose parsed url   path: 'grunt-rev@~0.1.0',
231 verbose parsed url   href: 'grunt-rev@~0.1.0' }
232 verbose cache add [ 'grunt-svgmin@~0.3.0', null ]
233 verbose cache add name=undefined spec="grunt-svgmin@~0.3.0" args=["grunt-svgmin@~0.3.0",null]
234 verbose parsed url { protocol: null,
234 verbose parsed url   slashes: null,
234 verbose parsed url   auth: null,
234 verbose parsed url   host: null,
234 verbose parsed url   port: null,
234 verbose parsed url   hostname: null,
234 verbose parsed url   hash: null,
234 verbose parsed url   search: null,
234 verbose parsed url   query: null,
234 verbose parsed url   pathname: 'grunt-svgmin@~0.3.0',
234 verbose parsed url   path: 'grunt-svgmin@~0.3.0',
234 verbose parsed url   href: 'grunt-svgmin@~0.3.0' }
235 verbose cache add [ 'grunt-sync@~0.0.5', null ]
236 verbose cache add name=undefined spec="grunt-sync@~0.0.5" args=["grunt-sync@~0.0.5",null]
237 verbose parsed url { protocol: null,
237 verbose parsed url   slashes: null,
237 verbose parsed url   auth: null,
237 verbose parsed url   host: null,
237 verbose parsed url   port: null,
237 verbose parsed url   hostname: null,
237 verbose parsed url   hash: null,
237 verbose parsed url   search: null,
237 verbose parsed url   query: null,
237 verbose parsed url   pathname: 'grunt-sync@~0.0.5',
237 verbose parsed url   path: 'grunt-sync@~0.0.5',
237 verbose parsed url   href: 'grunt-sync@~0.0.5' }
238 verbose cache add [ 'grunt-usemin@~2.0.2', null ]
239 verbose cache add name=undefined spec="grunt-usemin@~2.0.2" args=["grunt-usemin@~2.0.2",null]
240 verbose parsed url { protocol: null,
240 verbose parsed url   slashes: null,
240 verbose parsed url   auth: null,
240 verbose parsed url   host: null,
240 verbose parsed url   port: null,
240 verbose parsed url   hostname: null,
240 verbose parsed url   hash: null,
240 verbose parsed url   search: null,
240 verbose parsed url   query: null,
240 verbose parsed url   pathname: 'grunt-usemin@~2.0.2',
240 verbose parsed url   path: 'grunt-usemin@~2.0.2',
240 verbose parsed url   href: 'grunt-usemin@~2.0.2' }
241 verbose cache add [ 'load-grunt-tasks@~0.2.0', null ]
242 verbose cache add name=undefined spec="load-grunt-tasks@~0.2.0" args=["load-grunt-tasks@~0.2.0",null]
243 verbose parsed url { protocol: null,
243 verbose parsed url   slashes: null,
243 verbose parsed url   auth: null,
243 verbose parsed url   host: null,
243 verbose parsed url   port: null,
243 verbose parsed url   hostname: null,
243 verbose parsed url   hash: null,
243 verbose parsed url   search: null,
243 verbose parsed url   query: null,
243 verbose parsed url   pathname: 'load-grunt-tasks@~0.2.0',
243 verbose parsed url   path: 'load-grunt-tasks@~0.2.0',
243 verbose parsed url   href: 'load-grunt-tasks@~0.2.0' }
244 verbose cache add [ 'time-grunt@0.2.3', null ]
245 verbose cache add name=undefined spec="time-grunt@0.2.3" args=["time-grunt@0.2.3",null]
246 verbose parsed url { protocol: null,
246 verbose parsed url   slashes: null,
246 verbose parsed url   auth: null,
246 verbose parsed url   host: null,
246 verbose parsed url   port: null,
246 verbose parsed url   hostname: null,
246 verbose parsed url   hash: null,
246 verbose parsed url   search: null,
246 verbose parsed url   query: null,
246 verbose parsed url   pathname: 'time-grunt@0.2.3',
246 verbose parsed url   path: 'time-grunt@0.2.3',
246 verbose parsed url   href: 'time-grunt@0.2.3' }
247 verbose cache add [ 'karma@~0.10.8', null ]
248 verbose cache add name=undefined spec="karma@~0.10.8" args=["karma@~0.10.8",null]
249 verbose parsed url { protocol: null,
249 verbose parsed url   slashes: null,
249 verbose parsed url   auth: null,
249 verbose parsed url   host: null,
249 verbose parsed url   port: null,
249 verbose parsed url   hostname: null,
249 verbose parsed url   hash: null,
249 verbose parsed url   search: null,
249 verbose parsed url   query: null,
249 verbose parsed url   pathname: 'karma@~0.10.8',
249 verbose parsed url   path: 'karma@~0.10.8',
249 verbose parsed url   href: 'karma@~0.10.8' }
250 verbose cache add [ 'karma-junit-reporter@~0.1.0', null ]
251 verbose cache add name=undefined spec="karma-junit-reporter@~0.1.0" args=["karma-junit-reporter@~0.1.0",null]
252 verbose parsed url { protocol: null,
252 verbose parsed url   slashes: null,
252 verbose parsed url   auth: null,
252 verbose parsed url   host: null,
252 verbose parsed url   port: null,
252 verbose parsed url   hostname: null,
252 verbose parsed url   hash: null,
252 verbose parsed url   search: null,
252 verbose parsed url   query: null,
252 verbose parsed url   pathname: 'karma-junit-reporter@~0.1.0',
252 verbose parsed url   path: 'karma-junit-reporter@~0.1.0',
252 verbose parsed url   href: 'karma-junit-reporter@~0.1.0' }
253 verbose cache add [ 'karma-jasmine@~0.1.0', null ]
254 verbose cache add name=undefined spec="karma-jasmine@~0.1.0" args=["karma-jasmine@~0.1.0",null]
255 verbose parsed url { protocol: null,
255 verbose parsed url   slashes: null,
255 verbose parsed url   auth: null,
255 verbose parsed url   host: null,
255 verbose parsed url   port: null,
255 verbose parsed url   hostname: null,
255 verbose parsed url   hash: null,
255 verbose parsed url   search: null,
255 verbose parsed url   query: null,
255 verbose parsed url   pathname: 'karma-jasmine@~0.1.0',
255 verbose parsed url   path: 'karma-jasmine@~0.1.0',
255 verbose parsed url   href: 'karma-jasmine@~0.1.0' }
256 verbose cache add [ 'karma-ng-scenario@~0.1.0', null ]
257 verbose cache add name=undefined spec="karma-ng-scenario@~0.1.0" args=["karma-ng-scenario@~0.1.0",null]
258 verbose parsed url { protocol: null,
258 verbose parsed url   slashes: null,
258 verbose parsed url   auth: null,
258 verbose parsed url   host: null,
258 verbose parsed url   port: null,
258 verbose parsed url   hostname: null,
258 verbose parsed url   hash: null,
258 verbose parsed url   search: null,
258 verbose parsed url   query: null,
258 verbose parsed url   pathname: 'karma-ng-scenario@~0.1.0',
258 verbose parsed url   path: 'karma-ng-scenario@~0.1.0',
258 verbose parsed url   href: 'karma-ng-scenario@~0.1.0' }
259 verbose cache add [ 'express@4.1.1', null ]
260 verbose cache add name=undefined spec="express@4.1.1" args=["express@4.1.1",null]
261 verbose parsed url { protocol: null,
261 verbose parsed url   slashes: null,
261 verbose parsed url   auth: null,
261 verbose parsed url   host: null,
261 verbose parsed url   port: null,
261 verbose parsed url   hostname: null,
261 verbose parsed url   hash: null,
261 verbose parsed url   search: null,
261 verbose parsed url   query: null,
261 verbose parsed url   pathname: 'express@4.1.1',
261 verbose parsed url   path: 'express@4.1.1',
261 verbose parsed url   href: 'express@4.1.1' }
262 verbose cache add [ 'body-parser@~1.0.0', null ]
263 verbose cache add name=undefined spec="body-parser@~1.0.0" args=["body-parser@~1.0.0",null]
264 verbose parsed url { protocol: null,
264 verbose parsed url   slashes: null,
264 verbose parsed url   auth: null,
264 verbose parsed url   host: null,
264 verbose parsed url   port: null,
264 verbose parsed url   hostname: null,
264 verbose parsed url   hash: null,
264 verbose parsed url   search: null,
264 verbose parsed url   query: null,
264 verbose parsed url   pathname: 'body-parser@~1.0.0',
264 verbose parsed url   path: 'body-parser@~1.0.0',
264 verbose parsed url   href: 'body-parser@~1.0.0' }
265 silly addNameRange { name: 'grunt', range: '>=0.4.2-0 <0.5.0-0', hasData: false }
266 verbose url raw sqlite3
267 verbose url resolving [ 'https://registry.npmjs.org/', './sqlite3' ]
268 verbose url resolved https://registry.npmjs.org/sqlite3
269 info trying registry request attempt 1 at 09:03:53
270 http GET https://registry.npmjs.org/sqlite3
271 silly addNameRange { name: 'grunt-bowercopy',
271 silly addNameRange   range: '>=0.4.1-0 <0.5.0-0',
271 silly addNameRange   hasData: false }
272 silly addNameRange { name: 'grunt-autoprefixer',
272 silly addNameRange   range: '>=0.4.2-0 <0.5.0-0',
272 silly addNameRange   hasData: false }
273 silly addNameRange { name: 'grunt-bower-install',
273 silly addNameRange   range: '>=0.7.0-0 <0.8.0-0',
273 silly addNameRange   hasData: false }
274 silly addNameRange { name: 'grunt-concurrent',
274 silly addNameRange   range: '>=0.4.2-0 <0.5.0-0',
274 silly addNameRange   hasData: false }
275 silly addNameRange { name: 'grunt-connect-proxy',
275 silly addNameRange   range: '>=0.1.7-0 <0.2.0-0',
275 silly addNameRange   hasData: false }
276 verbose cache add name="grunt-modernizr" spec="~0.4.1" args=["grunt-modernizr","~0.4.1"]
277 verbose parsed url { protocol: null,
277 verbose parsed url   slashes: null,
277 verbose parsed url   auth: null,
277 verbose parsed url   host: null,
277 verbose parsed url   port: null,
277 verbose parsed url   hostname: null,
277 verbose parsed url   hash: null,
277 verbose parsed url   search: null,
277 verbose parsed url   query: null,
277 verbose parsed url   pathname: '~0.4.1',
277 verbose parsed url   path: '~0.4.1',
277 verbose parsed url   href: '~0.4.1' }
278 verbose addNamed [ 'grunt-modernizr', '~0.4.1' ]
279 verbose addNamed [ null, '>=0.4.1-0 <0.5.0-0' ]
280 silly lockFile fab2f7af-grunt-modernizr-0-4-1 grunt-modernizr@~0.4.1
281 verbose lock grunt-modernizr@~0.4.1 /Users/AgtLucas/.npm/fab2f7af-grunt-modernizr-0-4-1.lock
282 verbose cache add name="grunt-ngmin" spec="~0.0.3" args=["grunt-ngmin","~0.0.3"]
283 verbose parsed url { protocol: null,
283 verbose parsed url   slashes: null,
283 verbose parsed url   auth: null,
283 verbose parsed url   host: null,
283 verbose parsed url   port: null,
283 verbose parsed url   hostname: null,
283 verbose parsed url   hash: null,
283 verbose parsed url   search: null,
283 verbose parsed url   query: null,
283 verbose parsed url   pathname: '~0.0.3',
283 verbose parsed url   path: '~0.0.3',
283 verbose parsed url   href: '~0.0.3' }
284 verbose addNamed [ 'grunt-ngmin', '~0.0.3' ]
285 verbose addNamed [ null, '>=0.0.3-0 <0.1.0-0' ]
286 silly lockFile aa0b4617-grunt-ngmin-0-0-3 grunt-ngmin@~0.0.3
287 verbose lock grunt-ngmin@~0.0.3 /Users/AgtLucas/.npm/aa0b4617-grunt-ngmin-0-0-3.lock
288 verbose cache add name="grunt-rev" spec="~0.1.0" args=["grunt-rev","~0.1.0"]
289 verbose parsed url { protocol: null,
289 verbose parsed url   slashes: null,
289 verbose parsed url   auth: null,
289 verbose parsed url   host: null,
289 verbose parsed url   port: null,
289 verbose parsed url   hostname: null,
289 verbose parsed url   hash: null,
289 verbose parsed url   search: null,
289 verbose parsed url   query: null,
289 verbose parsed url   pathname: '~0.1.0',
289 verbose parsed url   path: '~0.1.0',
289 verbose parsed url   href: '~0.1.0' }
290 verbose addNamed [ 'grunt-rev', '~0.1.0' ]
291 verbose addNamed [ null, '>=0.1.0-0 <0.2.0-0' ]
292 silly lockFile a3a49760-grunt-rev-0-1-0 grunt-rev@~0.1.0
293 verbose lock grunt-rev@~0.1.0 /Users/AgtLucas/.npm/a3a49760-grunt-rev-0-1-0.lock
294 verbose cache add name="grunt-svgmin" spec="~0.3.0" args=["grunt-svgmin","~0.3.0"]
295 verbose parsed url { protocol: null,
295 verbose parsed url   slashes: null,
295 verbose parsed url   auth: null,
295 verbose parsed url   host: null,
295 verbose parsed url   port: null,
295 verbose parsed url   hostname: null,
295 verbose parsed url   hash: null,
295 verbose parsed url   search: null,
295 verbose parsed url   query: null,
295 verbose parsed url   pathname: '~0.3.0',
295 verbose parsed url   path: '~0.3.0',
295 verbose parsed url   href: '~0.3.0' }
296 verbose addNamed [ 'grunt-svgmin', '~0.3.0' ]
297 verbose addNamed [ null, '>=0.3.0-0 <0.4.0-0' ]
298 silly lockFile 84c4f4c0-grunt-svgmin-0-3-0 grunt-svgmin@~0.3.0
299 verbose lock grunt-svgmin@~0.3.0 /Users/AgtLucas/.npm/84c4f4c0-grunt-svgmin-0-3-0.lock
300 verbose cache add name="grunt-sync" spec="~0.0.5" args=["grunt-sync","~0.0.5"]
301 verbose parsed url { protocol: null,
301 verbose parsed url   slashes: null,
301 verbose parsed url   auth: null,
301 verbose parsed url   host: null,
301 verbose parsed url   port: null,
301 verbose parsed url   hostname: null,
301 verbose parsed url   hash: null,
301 verbose parsed url   search: null,
301 verbose parsed url   query: null,
301 verbose parsed url   pathname: '~0.0.5',
301 verbose parsed url   path: '~0.0.5',
301 verbose parsed url   href: '~0.0.5' }
302 verbose addNamed [ 'grunt-sync', '~0.0.5' ]
303 verbose addNamed [ null, '>=0.0.5-0 <0.1.0-0' ]
304 silly lockFile 818a95a2-grunt-sync-0-0-5 grunt-sync@~0.0.5
305 verbose lock grunt-sync@~0.0.5 /Users/AgtLucas/.npm/818a95a2-grunt-sync-0-0-5.lock
306 verbose cache add name="grunt-usemin" spec="~2.0.2" args=["grunt-usemin","~2.0.2"]
307 verbose parsed url { protocol: null,
307 verbose parsed url   slashes: null,
307 verbose parsed url   auth: null,
307 verbose parsed url   host: null,
307 verbose parsed url   port: null,
307 verbose parsed url   hostname: null,
307 verbose parsed url   hash: null,
307 verbose parsed url   search: null,
307 verbose parsed url   query: null,
307 verbose parsed url   pathname: '~2.0.2',
307 verbose parsed url   path: '~2.0.2',
307 verbose parsed url   href: '~2.0.2' }
308 verbose addNamed [ 'grunt-usemin', '~2.0.2' ]
309 verbose addNamed [ null, '>=2.0.2-0 <2.1.0-0' ]
310 silly lockFile 32502086-grunt-usemin-2-0-2 grunt-usemin@~2.0.2
311 verbose lock grunt-usemin@~2.0.2 /Users/AgtLucas/.npm/32502086-grunt-usemin-2-0-2.lock
312 verbose cache add name="load-grunt-tasks" spec="~0.2.0" args=["load-grunt-tasks","~0.2.0"]
313 verbose parsed url { protocol: null,
313 verbose parsed url   slashes: null,
313 verbose parsed url   auth: null,
313 verbose parsed url   host: null,
313 verbose parsed url   port: null,
313 verbose parsed url   hostname: null,
313 verbose parsed url   hash: null,
313 verbose parsed url   search: null,
313 verbose parsed url   query: null,
313 verbose parsed url   pathname: '~0.2.0',
313 verbose parsed url   path: '~0.2.0',
313 verbose parsed url   href: '~0.2.0' }
314 verbose addNamed [ 'load-grunt-tasks', '~0.2.0' ]
315 verbose addNamed [ null, '>=0.2.0-0 <0.3.0-0' ]
316 silly lockFile 2a94459b-load-grunt-tasks-0-2-0 load-grunt-tasks@~0.2.0
317 verbose lock load-grunt-tasks@~0.2.0 /Users/AgtLucas/.npm/2a94459b-load-grunt-tasks-0-2-0.lock
318 verbose cache add name="time-grunt" spec="0.2.3" args=["time-grunt","0.2.3"]
319 verbose parsed url { protocol: null,
319 verbose parsed url   slashes: null,
319 verbose parsed url   auth: null,
319 verbose parsed url   host: null,
319 verbose parsed url   port: null,
319 verbose parsed url   hostname: null,
319 verbose parsed url   hash: null,
319 verbose parsed url   search: null,
319 verbose parsed url   query: null,
319 verbose parsed url   pathname: '0.2.3',
319 verbose parsed url   path: '0.2.3',
319 verbose parsed url   href: '0.2.3' }
320 verbose addNamed [ 'time-grunt', '0.2.3' ]
321 verbose addNamed [ '0.2.3', '0.2.3' ]
322 silly lockFile c183f06c-time-grunt-0-2-3 time-grunt@0.2.3
323 verbose lock time-grunt@0.2.3 /Users/AgtLucas/.npm/c183f06c-time-grunt-0-2-3.lock
324 verbose cache add name="karma" spec="~0.10.8" args=["karma","~0.10.8"]
325 verbose parsed url { protocol: null,
325 verbose parsed url   slashes: null,
325 verbose parsed url   auth: null,
325 verbose parsed url   host: null,
325 verbose parsed url   port: null,
325 verbose parsed url   hostname: null,
325 verbose parsed url   hash: null,
325 verbose parsed url   search: null,
325 verbose parsed url   query: null,
325 verbose parsed url   pathname: '~0.10.8',
325 verbose parsed url   path: '~0.10.8',
325 verbose parsed url   href: '~0.10.8' }
326 verbose addNamed [ 'karma', '~0.10.8' ]
327 verbose addNamed [ null, '>=0.10.8-0 <0.11.0-0' ]
328 silly lockFile 8461d58e-karma-0-10-8 karma@~0.10.8
329 verbose lock karma@~0.10.8 /Users/AgtLucas/.npm/8461d58e-karma-0-10-8.lock
330 verbose cache add name="karma-junit-reporter" spec="~0.1.0" args=["karma-junit-reporter","~0.1.0"]
331 verbose parsed url { protocol: null,
331 verbose parsed url   slashes: null,
331 verbose parsed url   auth: null,
331 verbose parsed url   host: null,
331 verbose parsed url   port: null,
331 verbose parsed url   hostname: null,
331 verbose parsed url   hash: null,
331 verbose parsed url   search: null,
331 verbose parsed url   query: null,
331 verbose parsed url   pathname: '~0.1.0',
331 verbose parsed url   path: '~0.1.0',
331 verbose parsed url   href: '~0.1.0' }
332 verbose addNamed [ 'karma-junit-reporter', '~0.1.0' ]
333 verbose addNamed [ null, '>=0.1.0-0 <0.2.0-0' ]
334 silly lockFile 090a1a28-karma-junit-reporter-0-1-0 karma-junit-reporter@~0.1.0
335 verbose lock karma-junit-reporter@~0.1.0 /Users/AgtLucas/.npm/090a1a28-karma-junit-reporter-0-1-0.lock
336 verbose cache add name="karma-jasmine" spec="~0.1.0" args=["karma-jasmine","~0.1.0"]
337 verbose parsed url { protocol: null,
337 verbose parsed url   slashes: null,
337 verbose parsed url   auth: null,
337 verbose parsed url   host: null,
337 verbose parsed url   port: null,
337 verbose parsed url   hostname: null,
337 verbose parsed url   hash: null,
337 verbose parsed url   search: null,
337 verbose parsed url   query: null,
337 verbose parsed url   pathname: '~0.1.0',
337 verbose parsed url   path: '~0.1.0',
337 verbose parsed url   href: '~0.1.0' }
338 verbose addNamed [ 'karma-jasmine', '~0.1.0' ]
339 verbose addNamed [ null, '>=0.1.0-0 <0.2.0-0' ]
340 silly lockFile 880f350b-karma-jasmine-0-1-0 karma-jasmine@~0.1.0
341 verbose lock karma-jasmine@~0.1.0 /Users/AgtLucas/.npm/880f350b-karma-jasmine-0-1-0.lock
342 verbose cache add name="karma-ng-scenario" spec="~0.1.0" args=["karma-ng-scenario","~0.1.0"]
343 verbose parsed url { protocol: null,
343 verbose parsed url   slashes: null,
343 verbose parsed url   auth: null,
343 verbose parsed url   host: null,
343 verbose parsed url   port: null,
343 verbose parsed url   hostname: null,
343 verbose parsed url   hash: null,
343 verbose parsed url   search: null,
343 verbose parsed url   query: null,
343 verbose parsed url   pathname: '~0.1.0',
343 verbose parsed url   path: '~0.1.0',
343 verbose parsed url   href: '~0.1.0' }
344 verbose addNamed [ 'karma-ng-scenario', '~0.1.0' ]
345 verbose addNamed [ null, '>=0.1.0-0 <0.2.0-0' ]
346 silly lockFile c3015f9d-karma-ng-scenario-0-1-0 karma-ng-scenario@~0.1.0
347 verbose lock karma-ng-scenario@~0.1.0 /Users/AgtLucas/.npm/c3015f9d-karma-ng-scenario-0-1-0.lock
348 verbose cache add name="express" spec="4.1.1" args=["express","4.1.1"]
349 verbose parsed url { protocol: null,
349 verbose parsed url   slashes: null,
349 verbose parsed url   auth: null,
349 verbose parsed url   host: null,
349 verbose parsed url   port: null,
349 verbose parsed url   hostname: null,
349 verbose parsed url   hash: null,
349 verbose parsed url   search: null,
349 verbose parsed url   query: null,
349 verbose parsed url   pathname: '4.1.1',
349 verbose parsed url   path: '4.1.1',
349 verbose parsed url   href: '4.1.1' }
350 verbose addNamed [ 'express', '4.1.1' ]
351 verbose addNamed [ '4.1.1', '4.1.1' ]
352 silly lockFile e8de92d7-express-4-1-1 express@4.1.1
353 verbose lock express@4.1.1 /Users/AgtLucas/.npm/e8de92d7-express-4-1-1.lock
354 verbose cache add name="body-parser" spec="~1.0.0" args=["body-parser","~1.0.0"]
355 verbose parsed url { protocol: null,
355 verbose parsed url   slashes: null,
355 verbose parsed url   auth: null,
355 verbose parsed url   host: null,
355 verbose parsed url   port: null,
355 verbose parsed url   hostname: null,
355 verbose parsed url   hash: null,
355 verbose parsed url   search: null,
355 verbose parsed url   query: null,
355 verbose parsed url   pathname: '~1.0.0',
355 verbose parsed url   path: '~1.0.0',
355 verbose parsed url   href: '~1.0.0' }
356 verbose addNamed [ 'body-parser', '~1.0.0' ]
357 verbose addNamed [ null, '>=1.0.0-0 <1.1.0-0' ]
358 silly lockFile 9ca6d1f0-body-parser-1-0-0 body-parser@~1.0.0
359 verbose lock body-parser@~1.0.0 /Users/AgtLucas/.npm/9ca6d1f0-body-parser-1-0-0.lock
360 silly addNameRange { name: 'grunt-contrib-clean',
360 silly addNameRange   range: '>=0.5.0-0 <0.6.0-0',
360 silly addNameRange   hasData: false }
361 verbose url raw grunt-bowercopy
362 verbose url resolving [ 'https://registry.npmjs.org/', './grunt-bowercopy' ]
363 verbose url resolved https://registry.npmjs.org/grunt-bowercopy
364 info trying registry request attempt 1 at 09:03:53
365 http GET https://registry.npmjs.org/grunt-bowercopy
366 verbose url raw grunt-bower-install
367 verbose url resolving [ 'https://registry.npmjs.org/', './grunt-bower-install' ]
368 verbose url resolved https://registry.npmjs.org/grunt-bower-install
369 info trying registry request attempt 1 at 09:03:53
370 http GET https://registry.npmjs.org/grunt-bower-install
371 verbose url raw grunt-connect-proxy
372 verbose url resolving [ 'https://registry.npmjs.org/', './grunt-connect-proxy' ]
373 verbose url resolved https://registry.npmjs.org/grunt-connect-proxy
374 info trying registry request attempt 1 at 09:03:53
375 http GET https://registry.npmjs.org/grunt-connect-proxy
376 silly addNameRange { name: 'grunt-contrib-concat',
376 silly addNameRange   range: '>=0.3.0-0 <0.4.0-0',
376 silly addNameRange   hasData: false }
377 silly addNameRange { name: 'grunt-contrib-connect',
377 silly addNameRange   range: '>=0.5.0-0 <0.6.0-0',
377 silly addNameRange   hasData: false }
378 silly addNameRange { name: 'grunt-contrib-copy',
378 silly addNameRange   range: '>=0.4.1-0 <0.5.0-0',
378 silly addNameRange   hasData: false }
379 silly addNameRange { name: 'grunt-contrib-cssmin',
379 silly addNameRange   range: '>=0.7.0-0 <0.8.0-0',
379 silly addNameRange   hasData: false }
380 silly addNameRange { name: 'grunt-contrib-htmlmin',
380 silly addNameRange   range: '>=0.1.3-0 <0.2.0-0',
380 silly addNameRange   hasData: false }
381 silly addNameRange { name: 'grunt-contrib-imagemin',
381 silly addNameRange   range: '>=0.4.0-0 <0.5.0-0',
381 silly addNameRange   hasData: false }
382 silly addNameRange { name: 'grunt-contrib-jshint',
382 silly addNameRange   range: '>=0.7.2-0 <0.8.0-0',
382 silly addNameRange   hasData: false }
383 silly addNameRange { name: 'grunt-contrib-uglify',
383 silly addNameRange   range: '>=0.2.7-0 <0.3.0-0',
383 silly addNameRange   hasData: false }
384 silly addNameRange { name: 'grunt-contrib-watch',
384 silly addNameRange   range: '>=0.5.3-0 <0.6.0-0',
384 silly addNameRange   hasData: false }
385 silly addNameRange { name: 'grunt-karma',
385 silly addNameRange   range: '>=0.6.2-0 <0.7.0-0',
385 silly addNameRange   hasData: false }
386 verbose url raw errorhandler
387 verbose url resolving [ 'https://registry.npmjs.org/', './errorhandler' ]
388 verbose url resolved https://registry.npmjs.org/errorhandler
389 info trying registry request attempt 1 at 09:03:53
390 verbose etag "39JG77VTB3L1C3PUT9ZZ4WVBJ"
391 http GET https://registry.npmjs.org/errorhandler
392 silly addNameRange { name: 'grunt-modernizr',
392 silly addNameRange   range: '>=0.4.1-0 <0.5.0-0',
392 silly addNameRange   hasData: false }
393 silly addNameRange { name: 'grunt-ngmin',
393 silly addNameRange   range: '>=0.0.3-0 <0.1.0-0',
393 silly addNameRange   hasData: false }
394 silly addNameRange { name: 'grunt-rev',
394 silly addNameRange   range: '>=0.1.0-0 <0.2.0-0',
394 silly addNameRange   hasData: false }
395 silly addNameRange { name: 'grunt-svgmin',
395 silly addNameRange   range: '>=0.3.0-0 <0.4.0-0',
395 silly addNameRange   hasData: false }
396 silly addNameRange { name: 'grunt-sync',
396 silly addNameRange   range: '>=0.0.5-0 <0.1.0-0',
396 silly addNameRange   hasData: false }
397 silly addNameRange { name: 'grunt-usemin',
397 silly addNameRange   range: '>=2.0.2-0 <2.1.0-0',
397 silly addNameRange   hasData: false }
398 silly addNameRange { name: 'load-grunt-tasks',
398 silly addNameRange   range: '>=0.2.0-0 <0.3.0-0',
398 silly addNameRange   hasData: false }
399 silly addNameRange { name: 'karma', range: '>=0.10.8-0 <0.11.0-0', hasData: false }
400 silly addNameRange { name: 'karma-junit-reporter',
400 silly addNameRange   range: '>=0.1.0-0 <0.2.0-0',
400 silly addNameRange   hasData: false }
401 silly addNameRange { name: 'karma-jasmine',
401 silly addNameRange   range: '>=0.1.0-0 <0.2.0-0',
401 silly addNameRange   hasData: false }
402 silly addNameRange { name: 'karma-ng-scenario',
402 silly addNameRange   range: '>=0.1.0-0 <0.2.0-0',
402 silly addNameRange   hasData: false }
403 silly addNameRange { name: 'body-parser',
403 silly addNameRange   range: '>=1.0.0-0 <1.1.0-0',
403 silly addNameRange   hasData: false }
404 verbose url raw method-override
405 verbose url resolving [ 'https://registry.npmjs.org/', './method-override' ]
406 verbose url resolved https://registry.npmjs.org/method-override
407 info trying registry request attempt 1 at 09:03:54
408 verbose etag "EINM8U5JX7AJLYGJ8R42YGLUB"
409 http GET https://registry.npmjs.org/method-override
410 verbose url raw morgan
411 verbose url resolving [ 'https://registry.npmjs.org/', './morgan' ]
412 verbose url resolved https://registry.npmjs.org/morgan
413 info trying registry request attempt 1 at 09:03:54
414 verbose etag "52MN0372UCSE91JEPGS3HOVC4"
415 http GET https://registry.npmjs.org/morgan
416 verbose url raw grunt-modernizr
417 verbose url resolving [ 'https://registry.npmjs.org/', './grunt-modernizr' ]
418 verbose url resolved https://registry.npmjs.org/grunt-modernizr
419 info trying registry request attempt 1 at 09:03:54
420 http GET https://registry.npmjs.org/grunt-modernizr
421 verbose url raw grunt-ngmin
422 verbose url resolving [ 'https://registry.npmjs.org/', './grunt-ngmin' ]
423 verbose url resolved https://registry.npmjs.org/grunt-ngmin
424 info trying registry request attempt 1 at 09:03:54
425 http GET https://registry.npmjs.org/grunt-ngmin
426 verbose url raw grunt-rev
427 verbose url resolving [ 'https://registry.npmjs.org/', './grunt-rev' ]
428 verbose url resolved https://registry.npmjs.org/grunt-rev
429 info trying registry request attempt 1 at 09:03:54
430 http GET https://registry.npmjs.org/grunt-rev
431 verbose url raw grunt-sync
432 verbose url resolving [ 'https://registry.npmjs.org/', './grunt-sync' ]
433 verbose url resolved https://registry.npmjs.org/grunt-sync
434 info trying registry request attempt 1 at 09:03:54
435 http GET https://registry.npmjs.org/grunt-sync
436 verbose url raw karma-junit-reporter
437 verbose url resolving [ 'https://registry.npmjs.org/', './karma-junit-reporter' ]
438 verbose url resolved https://registry.npmjs.org/karma-junit-reporter
439 info trying registry request attempt 1 at 09:03:54
440 http GET https://registry.npmjs.org/karma-junit-reporter
441 verbose url raw lodash
442 verbose url resolving [ 'https://registry.npmjs.org/', './lodash' ]
443 verbose url resolved https://registry.npmjs.org/lodash
444 info trying registry request attempt 1 at 09:03:54
445 verbose etag "8X2KCBRDYTEDH1JHJWHXU1M4L"
446 http GET https://registry.npmjs.org/lodash
447 verbose url raw sequelize
448 verbose url resolving [ 'https://registry.npmjs.org/', './sequelize' ]
449 verbose url resolved https://registry.npmjs.org/sequelize
450 info trying registry request attempt 1 at 09:03:54
451 verbose etag "DOJEK7T41IT4HNYKOPPALEBAP"
452 http GET https://registry.npmjs.org/sequelize
453 verbose url raw grunt
454 verbose url resolving [ 'https://registry.npmjs.org/', './grunt' ]
455 verbose url resolved https://registry.npmjs.org/grunt
456 info trying registry request attempt 1 at 09:03:54
457 verbose etag "6QV498X6IYU9L50A384WIUW11"
458 http GET https://registry.npmjs.org/grunt
459 verbose url raw grunt-autoprefixer
460 verbose url resolving [ 'https://registry.npmjs.org/', './grunt-autoprefixer' ]
461 verbose url resolved https://registry.npmjs.org/grunt-autoprefixer
462 info trying registry request attempt 1 at 09:03:54
463 verbose etag "9CDM5FU4RYTUC60U75F5Y2SF1"
464 http GET https://registry.npmjs.org/grunt-autoprefixer
465 verbose url raw grunt-concurrent
466 verbose url resolving [ 'https://registry.npmjs.org/', './grunt-concurrent' ]
467 verbose url resolved https://registry.npmjs.org/grunt-concurrent
468 info trying registry request attempt 1 at 09:03:54
469 verbose etag "7AJG459E1IBK4OIX61WGKM8CD"
470 http GET https://registry.npmjs.org/grunt-concurrent
471 verbose url raw grunt-contrib-clean
472 verbose url resolving [ 'https://registry.npmjs.org/', './grunt-contrib-clean' ]
473 verbose url resolved https://registry.npmjs.org/grunt-contrib-clean
474 info trying registry request attempt 1 at 09:03:54
475 verbose etag "76KKWOM60RRXYH56N38SUDRMP"
476 http GET https://registry.npmjs.org/grunt-contrib-clean
477 verbose url raw grunt-contrib-connect
478 verbose url resolving [ 'https://registry.npmjs.org/', './grunt-contrib-connect' ]
479 verbose url resolved https://registry.npmjs.org/grunt-contrib-connect
480 info trying registry request attempt 1 at 09:03:54
481 verbose etag "5CPIBGKAPHCFJDDT5EJY8U4QW"
482 http GET https://registry.npmjs.org/grunt-contrib-connect
483 verbose url raw grunt-contrib-cssmin
484 verbose url resolving [ 'https://registry.npmjs.org/', './grunt-contrib-cssmin' ]
485 verbose url resolved https://registry.npmjs.org/grunt-contrib-cssmin
486 info trying registry request attempt 1 at 09:03:54
487 verbose etag "EKOOQ1Y30JAPDD9JQBE1CL9AY"
488 http GET https://registry.npmjs.org/grunt-contrib-cssmin
489 verbose url raw grunt-contrib-concat
490 verbose url resolving [ 'https://registry.npmjs.org/', './grunt-contrib-concat' ]
491 verbose url resolved https://registry.npmjs.org/grunt-contrib-concat
492 info trying registry request attempt 1 at 09:03:54
493 verbose etag "F3BJZGCI205XYRGC9Y9BDQ556"
494 http GET https://registry.npmjs.org/grunt-contrib-concat
495 verbose url raw grunt-contrib-htmlmin
496 verbose url resolving [ 'https://registry.npmjs.org/', './grunt-contrib-htmlmin' ]
497 verbose url resolved https://registry.npmjs.org/grunt-contrib-htmlmin
498 info trying registry request attempt 1 at 09:03:54
499 verbose etag "8V7Z493Z20GXL546NELQTRUIP"
500 http GET https://registry.npmjs.org/grunt-contrib-htmlmin
501 verbose url raw grunt-contrib-imagemin
502 verbose url resolving [ 'https://registry.npmjs.org/', './grunt-contrib-imagemin' ]
503 verbose url resolved https://registry.npmjs.org/grunt-contrib-imagemin
504 info trying registry request attempt 1 at 09:03:54
505 verbose etag "2R9JOGLKIDWQE9KUOX4N9SG5L"
506 http GET https://registry.npmjs.org/grunt-contrib-imagemin
507 verbose url raw grunt-contrib-copy
508 verbose url resolving [ 'https://registry.npmjs.org/', './grunt-contrib-copy' ]
509 verbose url resolved https://registry.npmjs.org/grunt-contrib-copy
510 info trying registry request attempt 1 at 09:03:54
511 verbose etag "3V3PCUTJNTEMKZF25PFM9OEWN"
512 http GET https://registry.npmjs.org/grunt-contrib-copy
513 verbose url raw grunt-contrib-jshint
514 verbose url resolving [ 'https://registry.npmjs.org/', './grunt-contrib-jshint' ]
515 verbose url resolved https://registry.npmjs.org/grunt-contrib-jshint
516 info trying registry request attempt 1 at 09:03:54
517 verbose etag "68BOBAB5NBDWUFVCL5VNHRR6C"
518 http GET https://registry.npmjs.org/grunt-contrib-jshint
519 verbose url raw grunt-contrib-uglify
520 verbose url resolving [ 'https://registry.npmjs.org/', './grunt-contrib-uglify' ]
521 verbose url resolved https://registry.npmjs.org/grunt-contrib-uglify
522 info trying registry request attempt 1 at 09:03:54
523 verbose etag "BL5QBUBOR9QI7LBYSCNZZIU6F"
524 http GET https://registry.npmjs.org/grunt-contrib-uglify
525 verbose url raw grunt-contrib-watch
526 verbose url resolving [ 'https://registry.npmjs.org/', './grunt-contrib-watch' ]
527 verbose url resolved https://registry.npmjs.org/grunt-contrib-watch
528 info trying registry request attempt 1 at 09:03:54
529 verbose etag "DMD4WO42CKKL6NM8QAO9LS9B7"
530 http GET https://registry.npmjs.org/grunt-contrib-watch
531 verbose url raw grunt-karma
532 verbose url resolving [ 'https://registry.npmjs.org/', './grunt-karma' ]
533 verbose url resolved https://registry.npmjs.org/grunt-karma
534 info trying registry request attempt 1 at 09:03:54
535 verbose etag "5UJ5BXN8E1I65KAK6F9Z49Y8A"
536 http GET https://registry.npmjs.org/grunt-karma
537 verbose url raw grunt-svgmin
538 verbose url resolving [ 'https://registry.npmjs.org/', './grunt-svgmin' ]
539 verbose url resolved https://registry.npmjs.org/grunt-svgmin
540 info trying registry request attempt 1 at 09:03:54
541 verbose etag "BWI32NO6LR55A4NHFW1IQOEX7"
542 http GET https://registry.npmjs.org/grunt-svgmin
543 verbose url raw grunt-usemin
544 verbose url resolving [ 'https://registry.npmjs.org/', './grunt-usemin' ]
545 verbose url resolved https://registry.npmjs.org/grunt-usemin
546 info trying registry request attempt 1 at 09:03:54
547 verbose etag "4PM26CPF44BFH2BFRY97WR86M"
548 http GET https://registry.npmjs.org/grunt-usemin
549 verbose url raw load-grunt-tasks
550 verbose url resolving [ 'https://registry.npmjs.org/', './load-grunt-tasks' ]
551 verbose url resolved https://registry.npmjs.org/load-grunt-tasks
552 info trying registry request attempt 1 at 09:03:54
553 verbose etag "6RD4Q8BKO865MED9F31SUFI81"
554 http GET https://registry.npmjs.org/load-grunt-tasks
555 verbose url raw time-grunt
556 verbose url resolving [ 'https://registry.npmjs.org/', './time-grunt' ]
557 verbose url resolved https://registry.npmjs.org/time-grunt
558 info trying registry request attempt 1 at 09:03:54
559 verbose etag "6BXUR6NL5E7ICY1FL4WF9L2C4"
560 http GET https://registry.npmjs.org/time-grunt
561 verbose url raw karma
562 verbose url resolving [ 'https://registry.npmjs.org/', './karma' ]
563 verbose url resolved https://registry.npmjs.org/karma
564 info trying registry request attempt 1 at 09:03:54
565 verbose etag "C8FIUI5BNVWZ3I6EM6HJ8JVPU"
566 http GET https://registry.npmjs.org/karma
567 verbose url raw karma-ng-scenario
568 verbose url resolving [ 'https://registry.npmjs.org/', './karma-ng-scenario' ]
569 verbose url resolved https://registry.npmjs.org/karma-ng-scenario
570 info trying registry request attempt 1 at 09:03:54
571 verbose etag "77URK2FQIM6QJUONY2L0305MT"
572 http GET https://registry.npmjs.org/karma-ng-scenario
573 verbose url raw karma-jasmine
574 verbose url resolving [ 'https://registry.npmjs.org/', './karma-jasmine' ]
575 verbose url resolved https://registry.npmjs.org/karma-jasmine
576 info trying registry request attempt 1 at 09:03:54
577 verbose etag "9JGKO0FZ6V6KIXLDFJXRN28A4"
578 http GET https://registry.npmjs.org/karma-jasmine
579 verbose url raw body-parser
580 verbose url resolving [ 'https://registry.npmjs.org/', './body-parser' ]
581 verbose url resolved https://registry.npmjs.org/body-parser
582 info trying registry request attempt 1 at 09:03:54
583 verbose etag "9KCCTH03AWHDDBWY0FOSM565S"
584 http GET https://registry.npmjs.org/body-parser
585 verbose url raw express
586 verbose url resolving [ 'https://registry.npmjs.org/', './express' ]
587 verbose url resolved https://registry.npmjs.org/express
588 info trying registry request attempt 1 at 09:03:54
589 verbose etag "OYQ74G4ORVPGTMDLBP3HVCIS"
590 http GET https://registry.npmjs.org/express
591 http 304 https://registry.npmjs.org/errorhandler
592 silly registry.get cb [ 304,
592 silly registry.get   { date: 'Sun, 17 Aug 2014 12:03:55 GMT',
592 silly registry.get     server: 'Apache',
592 silly registry.get     via: '1.1 varnish',
592 silly registry.get     'last-modified': 'Sun, 17 Aug 2014 12:03:01 GMT',
592 silly registry.get     'cache-control': 'max-age=60',
592 silly registry.get     etag: '"39JG77VTB3L1C3PUT9ZZ4WVBJ"',
592 silly registry.get     'x-served-by': 'cache-iad2130-IAD',
592 silly registry.get     'x-cache': 'HIT',
592 silly registry.get     'x-cache-hits': '2',
592 silly registry.get     'x-timer': 'S1408277035.136142,VS0,VE0',
592 silly registry.get     vary: 'Accept',
592 silly registry.get     'content-length': '0',
592 silly registry.get     'keep-alive': 'timeout=10, max=50',
592 silly registry.get     connection: 'Keep-Alive' } ]
593 verbose etag errorhandler from cache
594 silly addNameRange number 2 { name: 'errorhandler',
594 silly addNameRange   range: '>=1.0.0-0 <1.1.0-0',
594 silly addNameRange   hasData: true }
595 silly addNameRange versions [ 'errorhandler',
595 silly addNameRange   [ '1.0.0', '1.0.1', '1.0.2', '1.1.0', '1.1.1' ] ]
596 verbose addNamed [ 'errorhandler', '1.0.2' ]
597 verbose addNamed [ '1.0.2', '1.0.2' ]
598 silly lockFile 3b5953c7-errorhandler-1-0-2 errorhandler@1.0.2
599 verbose lock errorhandler@1.0.2 /Users/AgtLucas/.npm/3b5953c7-errorhandler-1-0-2.lock
600 silly lockFile 0857f15e-orhandler-errorhandler-1-0-2-tgz https://registry.npmjs.org/errorhandler/-/errorhandler-1.0.2.tgz
601 verbose lock https://registry.npmjs.org/errorhandler/-/errorhandler-1.0.2.tgz /Users/AgtLucas/.npm/0857f15e-orhandler-errorhandler-1-0-2-tgz.lock
602 verbose addRemoteTarball [ 'https://registry.npmjs.org/errorhandler/-/errorhandler-1.0.2.tgz',
602 verbose addRemoteTarball   '587d47bbbbc48cffe132c3acda7215c902558108' ]
603 info retry fetch attempt 1 at 09:03:55
604 verbose fetch to= /var/folders/yt/ply6sjlx3cb3q8088vm1fj4c0000gn/T/npm-79971-CjCmUvFQ/registry.npmjs.org/errorhandler/-/errorhandler-1.0.2.tgz
605 http GET https://registry.npmjs.org/errorhandler/-/errorhandler-1.0.2.tgz
606 http 200 https://registry.npmjs.org/grunt-bowercopy
607 silly registry.get cb [ 200,
607 silly registry.get   { date: 'Sun, 17 Aug 2014 12:03:55 GMT',
607 silly registry.get     server: 'CouchDB/1.5.0 (Erlang OTP/R16B03)',
607 silly registry.get     etag: '"AKM1PRFBLBMDCXOIV5WVI1KO1"',
607 silly registry.get     'content-type': 'application/json',
607 silly registry.get     'cache-control': 'max-age=60',
607 silly registry.get     'content-length': '30423',
607 silly registry.get     'accept-ranges': 'bytes',
607 silly registry.get     via: '1.1 varnish',
607 silly registry.get     age: '0',
607 silly registry.get     'x-served-by': 'cache-iad2123-IAD',
607 silly registry.get     'x-cache': 'MISS',
607 silly registry.get     'x-cache-hits': '0',
607 silly registry.get     'x-timer': 'S1408277035.106871,VS0,VE19',
607 silly registry.get     vary: 'Accept',
607 silly registry.get     'keep-alive': 'timeout=10, max=50',
607 silly registry.get     connection: 'Keep-Alive' } ]
608 silly addNameRange number 2 { name: 'grunt-bowercopy',
608 silly addNameRange   range: '>=0.4.1-0 <0.5.0-0',
608 silly addNameRange   hasData: true }
609 silly addNameRange versions [ 'grunt-bowercopy',
609 silly addNameRange   [ '0.1.0',
609 silly addNameRange     '0.2.0',
609 silly addNameRange     '0.3.0',
609 silly addNameRange     '0.4.0',
609 silly addNameRange     '0.4.1',
609 silly addNameRange     '0.5.0',
609 silly addNameRange     '0.6.0',
609 silly addNameRange     '0.7.0',
609 silly addNameRange     '0.7.1',
609 silly addNameRange     '0.8.0',
609 silly addNameRange     '0.9.0',
609 silly addNameRange     '1.0.0',
609 silly addNameRange     '1.0.1',
609 silly addNameRange     '1.1.0' ] ]
610 verbose addNamed [ 'grunt-bowercopy', '0.4.1' ]
611 verbose addNamed [ '0.4.1', '0.4.1' ]
612 silly lockFile bce9d8da-grunt-bowercopy-0-4-1 grunt-bowercopy@0.4.1
613 verbose lock grunt-bowercopy@0.4.1 /Users/AgtLucas/.npm/bce9d8da-grunt-bowercopy-0-4-1.lock
614 silly lockFile d423d4f9-ercopy-grunt-bowercopy-0-4-1-tgz https://registry.npmjs.org/grunt-bowercopy/-/grunt-bowercopy-0.4.1.tgz
615 verbose lock https://registry.npmjs.org/grunt-bowercopy/-/grunt-bowercopy-0.4.1.tgz /Users/AgtLucas/.npm/d423d4f9-ercopy-grunt-bowercopy-0-4-1-tgz.lock
616 verbose addRemoteTarball [ 'https://registry.npmjs.org/grunt-bowercopy/-/grunt-bowercopy-0.4.1.tgz',
616 verbose addRemoteTarball   'e16e0d6e3670677de35f8e751b16cc39cf9cb063' ]
617 info retry fetch attempt 1 at 09:03:55
618 verbose fetch to= /var/folders/yt/ply6sjlx3cb3q8088vm1fj4c0000gn/T/npm-79971-CjCmUvFQ/registry.npmjs.org/grunt-bowercopy/-/grunt-bowercopy-0.4.1.tgz
619 http GET https://registry.npmjs.org/grunt-bowercopy/-/grunt-bowercopy-0.4.1.tgz
620 http 200 https://registry.npmjs.org/morgan
621 silly registry.get cb [ 200,
621 silly registry.get   { date: 'Sun, 17 Aug 2014 12:03:55 GMT',
621 silly registry.get     server: 'CouchDB/1.5.0 (Erlang OTP/R16B03)',
621 silly registry.get     etag: '"CB51ACFZEBJPQ9WBWUBVR0I85"',
621 silly registry.get     'content-type': 'application/json',
621 silly registry.get     'cache-control': 'max-age=60',
621 silly registry.get     'content-length': '18319',
621 silly registry.get     'accept-ranges': 'bytes',
621 silly registry.get     via: '1.1 varnish',
621 silly registry.get     age: '1837',
621 silly registry.get     'x-served-by': 'cache-iad2123-IAD',
621 silly registry.get     'x-cache': 'HIT',
621 silly registry.get     'x-cache-hits': '1',
621 silly registry.get     'x-timer': 'S1408277035.931611,VS0,VE50',
621 silly registry.get     vary: 'Accept',
621 silly registry.get     'keep-alive': 'timeout=10, max=49',
621 silly registry.get     connection: 'Keep-Alive' } ]
622 silly addNameRange number 2 { name: 'morgan', range: '>=1.0.0-0 <1.1.0-0', hasData: true }
623 silly addNameRange versions [ 'morgan',
623 silly addNameRange   [ '1.0.0',
623 silly addNameRange     '1.0.1',
623 silly addNameRange     '1.1.0',
623 silly addNameRange     '1.1.1',
623 silly addNameRange     '1.2.0',
623 silly addNameRange     '1.2.1',
623 silly addNameRange     '1.2.2',
623 silly addNameRange     '1.2.3' ] ]
624 verbose addNamed [ 'morgan', '1.0.1' ]
625 verbose addNamed [ '1.0.1', '1.0.1' ]
626 silly lockFile 31a6829c-morgan-1-0-1 morgan@1.0.1
627 verbose lock morgan@1.0.1 /Users/AgtLucas/.npm/31a6829c-morgan-1-0-1.lock
628 silly lockFile 50a0a19a-pmjs-org-morgan-morgan-1-0-1-tgz https://registry.npmjs.org/morgan/-/morgan-1.0.1.tgz
629 verbose lock https://registry.npmjs.org/morgan/-/morgan-1.0.1.tgz /Users/AgtLucas/.npm/50a0a19a-pmjs-org-morgan-morgan-1-0-1-tgz.lock
630 verbose addRemoteTarball [ 'https://registry.npmjs.org/morgan/-/morgan-1.0.1.tgz',
630 verbose addRemoteTarball   '8250a5d711de625453022945344d4d6762630c64' ]
631 info retry fetch attempt 1 at 09:03:56
632 verbose fetch to= /var/folders/yt/ply6sjlx3cb3q8088vm1fj4c0000gn/T/npm-79971-CjCmUvFQ/registry.npmjs.org/morgan/-/morgan-1.0.1.tgz
633 http GET https://registry.npmjs.org/morgan/-/morgan-1.0.1.tgz
634 http 200 https://registry.npmjs.org/grunt-connect-proxy
635 silly registry.get cb [ 200,
635 silly registry.get   { date: 'Sun, 17 Aug 2014 12:03:55 GMT',
635 silly registry.get     server: 'CouchDB/1.5.0 (Erlang OTP/R16B03)',
635 silly registry.get     etag: '"DB5GVMOC0AJCG8753PPHTMXYH"',
635 silly registry.get     'content-type': 'application/json',
635 silly registry.get     'cache-control': 'max-age=60',
635 silly registry.get     'content-length': '22907',
635 silly registry.get     'accept-ranges': 'bytes',
635 silly registry.get     via: '1.1 varnish',
635 silly registry.get     age: '2697',
635 silly registry.get     'x-served-by': 'cache-iad2123-IAD',
635 silly registry.get     'x-cache': 'MISS',
635 silly registry.get     'x-cache-hits': '0',
635 silly registry.get     'x-timer': 'S1408277035.055319,VS0,VE409',
635 silly registry.get     vary: 'Accept',
635 silly registry.get     'keep-alive': 'timeout=10, max=50',
635 silly registry.get     connection: 'Keep-Alive' } ]
636 silly addNameRange number 2 { name: 'grunt-connect-proxy',
636 silly addNameRange   range: '>=0.1.7-0 <0.2.0-0',
636 silly addNameRange   hasData: true }
637 silly addNameRange versions [ 'grunt-connect-proxy',
637 silly addNameRange   [ '0.1.0',
637 silly addNameRange     '0.1.1',
637 silly addNameRange     '0.1.2',
637 silly addNameRange     '0.1.3',
637 silly addNameRange     '0.1.4',
637 silly addNameRange     '0.1.5',
637 silly addNameRange     '0.1.6',
637 silly addNameRange     '0.1.7',
637 silly addNameRange     '0.1.8',
637 silly addNameRange     '0.1.10' ] ]
638 verbose addNamed [ 'grunt-connect-proxy', '0.1.10' ]
639 verbose addNamed [ '0.1.10', '0.1.10' ]
640 silly lockFile 0ad6eed1-grunt-connect-proxy-0-1-10 grunt-connect-proxy@0.1.10
641 verbose lock grunt-connect-proxy@0.1.10 /Users/AgtLucas/.npm/0ad6eed1-grunt-connect-proxy-0-1-10.lock
642 silly lockFile 12ec95c1-y-grunt-connect-proxy-0-1-10-tgz https://registry.npmjs.org/grunt-connect-proxy/-/grunt-connect-proxy-0.1.10.tgz
643 verbose lock https://registry.npmjs.org/grunt-connect-proxy/-/grunt-connect-proxy-0.1.10.tgz /Users/AgtLucas/.npm/12ec95c1-y-grunt-connect-proxy-0-1-10-tgz.lock
644 verbose addRemoteTarball [ 'https://registry.npmjs.org/grunt-connect-proxy/-/grunt-connect-proxy-0.1.10.tgz',
644 verbose addRemoteTarball   'f9364baf0039412a4fecf8f44a42c6baecf71c57' ]
645 info retry fetch attempt 1 at 09:03:56
646 verbose fetch to= /var/folders/yt/ply6sjlx3cb3q8088vm1fj4c0000gn/T/npm-79971-CjCmUvFQ/registry.npmjs.org/grunt-connect-proxy/-/grunt-connect-proxy-0.1.10.tgz
647 http GET https://registry.npmjs.org/grunt-connect-proxy/-/grunt-connect-proxy-0.1.10.tgz
648 http 200 https://registry.npmjs.org/method-override
649 silly registry.get cb [ 200,
649 silly registry.get   { date: 'Sun, 17 Aug 2014 12:03:55 GMT',
649 silly registry.get     server: 'CouchDB/1.5.0 (Erlang OTP/R16B03)',
649 silly registry.get     etag: '"1XTRSACRH6ONHPC8GUQ1P92C8"',
649 silly registry.get     'content-type': 'application/json',
649 silly registry.get     'cache-control': 'max-age=60',
649 silly registry.get     'content-length': '24122',
649 silly registry.get     'accept-ranges': 'bytes',
649 silly registry.get     via: '1.1 varnish',
649 silly registry.get     age: '146',
649 silly registry.get     'x-served-by': 'cache-iad2130-IAD',
649 silly registry.get     'x-cache': 'HIT',
649 silly registry.get     'x-cache-hits': '1',
649 silly registry.get     'x-timer': 'S1408277035.447800,VS0,VE50',
649 silly registry.get     vary: 'Accept',
649 silly registry.get     'keep-alive': 'timeout=10, max=49',
649 silly registry.get     connection: 'Keep-Alive' } ]
650 silly addNameRange number 2 { name: 'method-override',
650 silly addNameRange   range: '>=1.0.0-0 <1.1.0-0',
650 silly addNameRange   hasData: true }
651 silly addNameRange versions [ 'method-override',
651 silly addNameRange   [ '1.0.0',
651 silly addNameRange     '1.0.1',
651 silly addNameRange     '1.0.2',
651 silly addNameRange     '2.0.0',
651 silly addNameRange     '2.0.1',
651 silly addNameRange     '2.0.2',
651 silly addNameRange     '2.1.0',
651 silly addNameRange     '2.1.1',
651 silly addNameRange     '2.1.2',
651 silly addNameRange     '2.1.3' ] ]
652 verbose addNamed [ 'method-override', '1.0.2' ]
653 verbose addNamed [ '1.0.2', '1.0.2' ]
654 silly lockFile 23338e91-method-override-1-0-2 method-override@1.0.2
655 verbose lock method-override@1.0.2 /Users/AgtLucas/.npm/23338e91-method-override-1-0-2.lock
656 silly lockFile 23338e91-method-override-1-0-2 method-override@1.0.2
657 silly lockFile 23338e91-method-override-1-0-2 method-override@1.0.2
658 silly lockFile 75669156-method-override-1-0-0 method-override@~1.0.0
659 silly lockFile 75669156-method-override-1-0-0 method-override@~1.0.0
660 error Error: EACCES, open '/Users/AgtLucas/.npm/method-override/1.0.2/package/package.json'
660 error  { [Error: EACCES, open '/Users/AgtLucas/.npm/method-override/1.0.2/package/package.json']
660 error   errno: 3,
660 error   code: 'EACCES',
660 error   path: '/Users/AgtLucas/.npm/method-override/1.0.2/package/package.json',
660 error   parent: 'schroeder' }
661 error Please try running this command again as root/Administrator.
662 error System Darwin 13.3.0
663 error command "/usr/local/bin/node" "/usr/local/bin/npm" "install"
664 error cwd /Users/AgtLucas/Sites/bsi/schroeder-arduino
665 error node -v v0.10.29
666 error npm -v 1.4.14
667 error path /Users/AgtLucas/.npm/method-override/1.0.2/package/package.json
668 error code EACCES
669 error errno 3
670 error stack Error: EACCES, open '/Users/AgtLucas/.npm/method-override/1.0.2/package/package.json'
671 verbose exit [ 3, true ]
